[2024-01-28 12:44:38,070] {taskinstance.py:1179} INFO - Dependencies all met for <TaskInstance: ETLProcesoCompleto.respuesta_api manual__2024-01-28T12:44:14.840195+00:00 [queued]>
[2024-01-28 12:44:38,089] {taskinstance.py:1179} INFO - Dependencies all met for <TaskInstance: ETLProcesoCompleto.respuesta_api manual__2024-01-28T12:44:14.840195+00:00 [queued]>
[2024-01-28 12:44:38,090] {taskinstance.py:1376} INFO - 
--------------------------------------------------------------------------------
[2024-01-28 12:44:38,142] {taskinstance.py:1377} INFO - Starting attempt 1 of 6
[2024-01-28 12:44:38,145] {taskinstance.py:1378} INFO - 
--------------------------------------------------------------------------------
[2024-01-28 12:44:38,315] {taskinstance.py:1397} INFO - Executing <Task(PythonOperator): respuesta_api> on 2024-01-28 12:44:14.840195+00:00
[2024-01-28 12:44:38,323] {standard_task_runner.py:52} INFO - Started process 3371 to run task
[2024-01-28 12:44:38,333] {standard_task_runner.py:79} INFO - Running: ['***', 'tasks', 'run', 'ETLProcesoCompleto', 'respuesta_api', 'manual__2024-01-28T12:44:14.840195+00:00', '--job-id', '65', '--raw', '--subdir', 'DAGS_FOLDER/ETLSachetto.py', '--cfg-path', '/tmp/tmpaser_d_y', '--error-file', '/tmp/tmpf4kfora5']
[2024-01-28 12:44:38,335] {standard_task_runner.py:80} INFO - Job 65: Subtask respuesta_api
[2024-01-28 12:44:38,631] {task_command.py:371} INFO - Running <TaskInstance: ETLProcesoCompleto.respuesta_api manual__2024-01-28T12:44:14.840195+00:00 [running]> on host 1fae8229e5ee
[2024-01-28 12:44:38,767] {logging_mixin.py:115} WARNING - /home/***/.local/lib/python3.7/site-packages/***/utils/context.py:202 AirflowContextDeprecationWarning: Accessing 'execution_date' from the template is deprecated and will be removed in a future version. Please use 'data_interval_start' or 'logical_date' instead.
[2024-01-28 12:44:38,959] {taskinstance.py:1591} INFO - Exporting the following env vars:
AIRFLOW_CTX_DAG_OWNER=Ignacio Sachetto
AIRFLOW_CTX_DAG_ID=ETLProcesoCompleto
AIRFLOW_CTX_TASK_ID=respuesta_api
AIRFLOW_CTX_EXECUTION_DATE=2024-01-28T12:44:14.840195+00:00
AIRFLOW_CTX_TRY_NUMBER=1
AIRFLOW_CTX_DAG_RUN_ID=manual__2024-01-28T12:44:14.840195+00:00
[2024-01-28 12:44:40,212] {ETLSachetto.py:65} INFO - Conexión correcta a la API
[2024-01-28 12:44:40,214] {python.py:173} INFO - Done. Returned value was: None
[2024-01-28 12:44:40,259] {taskinstance.py:1420} INFO - Marking task as SUCCESS. dag_id=ETLProcesoCompleto, task_id=respuesta_api, execution_date=20240128T124414, start_date=20240128T124438, end_date=20240128T124440
[2024-01-28 12:44:40,487] {local_task_job.py:156} INFO - Task exited with return code 0
[2024-01-28 12:44:40,589] {local_task_job.py:273} INFO - 1 downstream tasks scheduled from follow-on schedule check
