[2024-01-17 19:57:03,249] {processor.py:153} INFO - Started process (PID=7800) to work on /opt/airflow/dags/ETLPrueba.py
[2024-01-17 19:57:03,250] {processor.py:641} INFO - Processing file /opt/airflow/dags/ETLPrueba.py for tasks to queue
[2024-01-17 19:57:03,251] {logging_mixin.py:115} INFO - [2024-01-17 19:57:03,251] {dagbag.py:508} INFO - Filling up the DagBag from /opt/airflow/dags/ETLPrueba.py
[2024-01-17 19:57:03,800] {processor.py:651} INFO - DAG(s) dict_keys(['ETLFutbol']) retrieved from /opt/airflow/dags/ETLPrueba.py
[2024-01-17 19:57:03,834] {logging_mixin.py:115} INFO - [2024-01-17 19:57:03,833] {dag.py:2420} INFO - Sync 1 DAGs
[2024-01-17 19:57:03,864] {logging_mixin.py:115} INFO - [2024-01-17 19:57:03,864] {dag.py:2972} INFO - Setting next_dagrun for ETLFutbol to 2024-01-17T00:00:00+00:00, run_after=2024-01-18T00:00:00+00:00
[2024-01-17 19:57:03,903] {processor.py:161} INFO - Processing /opt/airflow/dags/ETLPrueba.py took 0.657 seconds
[2024-01-17 19:57:14,523] {processor.py:153} INFO - Started process (PID=7816) to work on /opt/airflow/dags/ETLPrueba.py
[2024-01-17 19:57:14,524] {processor.py:641} INFO - Processing file /opt/airflow/dags/ETLPrueba.py for tasks to queue
[2024-01-17 19:57:14,525] {logging_mixin.py:115} INFO - [2024-01-17 19:57:14,525] {dagbag.py:508} INFO - Filling up the DagBag from /opt/airflow/dags/ETLPrueba.py
[2024-01-17 19:57:15,041] {processor.py:651} INFO - DAG(s) dict_keys(['ETLFutbol']) retrieved from /opt/airflow/dags/ETLPrueba.py
[2024-01-17 19:57:15,069] {logging_mixin.py:115} INFO - [2024-01-17 19:57:15,068] {dag.py:2420} INFO - Sync 1 DAGs
[2024-01-17 19:57:15,099] {logging_mixin.py:115} INFO - [2024-01-17 19:57:15,099] {dag.py:2972} INFO - Setting next_dagrun for ETLFutbol to 2024-01-17T00:00:00+00:00, run_after=2024-01-18T00:00:00+00:00
[2024-01-17 19:57:15,139] {processor.py:161} INFO - Processing /opt/airflow/dags/ETLPrueba.py took 0.620 seconds
[2024-01-17 19:57:25,809] {processor.py:153} INFO - Started process (PID=7832) to work on /opt/airflow/dags/ETLPrueba.py
[2024-01-17 19:57:25,810] {processor.py:641} INFO - Processing file /opt/airflow/dags/ETLPrueba.py for tasks to queue
[2024-01-17 19:57:25,811] {logging_mixin.py:115} INFO - [2024-01-17 19:57:25,811] {dagbag.py:508} INFO - Filling up the DagBag from /opt/airflow/dags/ETLPrueba.py
[2024-01-17 19:57:26,294] {processor.py:651} INFO - DAG(s) dict_keys(['ETLFutbol']) retrieved from /opt/airflow/dags/ETLPrueba.py
[2024-01-17 19:57:26,321] {logging_mixin.py:115} INFO - [2024-01-17 19:57:26,321] {dag.py:2420} INFO - Sync 1 DAGs
[2024-01-17 19:57:26,352] {logging_mixin.py:115} INFO - [2024-01-17 19:57:26,352] {dag.py:2972} INFO - Setting next_dagrun for ETLFutbol to 2024-01-17T00:00:00+00:00, run_after=2024-01-18T00:00:00+00:00
[2024-01-17 19:57:26,387] {processor.py:161} INFO - Processing /opt/airflow/dags/ETLPrueba.py took 0.581 seconds
[2024-01-17 19:57:37,115] {processor.py:153} INFO - Started process (PID=7848) to work on /opt/airflow/dags/ETLPrueba.py
[2024-01-17 19:57:37,116] {processor.py:641} INFO - Processing file /opt/airflow/dags/ETLPrueba.py for tasks to queue
[2024-01-17 19:57:37,118] {logging_mixin.py:115} INFO - [2024-01-17 19:57:37,118] {dagbag.py:508} INFO - Filling up the DagBag from /opt/airflow/dags/ETLPrueba.py
[2024-01-17 19:57:38,085] {processor.py:651} INFO - DAG(s) dict_keys(['ETLFutbol']) retrieved from /opt/airflow/dags/ETLPrueba.py
[2024-01-17 19:57:38,139] {logging_mixin.py:115} INFO - [2024-01-17 19:57:38,138] {dag.py:2420} INFO - Sync 1 DAGs
[2024-01-17 19:57:38,187] {logging_mixin.py:115} INFO - [2024-01-17 19:57:38,187] {dag.py:2972} INFO - Setting next_dagrun for ETLFutbol to 2024-01-17T00:00:00+00:00, run_after=2024-01-18T00:00:00+00:00
[2024-01-17 19:57:38,335] {processor.py:161} INFO - Processing /opt/airflow/dags/ETLPrueba.py took 1.227 seconds
[2024-01-17 19:57:48,834] {processor.py:153} INFO - Started process (PID=7864) to work on /opt/airflow/dags/ETLPrueba.py
[2024-01-17 19:57:48,835] {processor.py:641} INFO - Processing file /opt/airflow/dags/ETLPrueba.py for tasks to queue
[2024-01-17 19:57:48,837] {logging_mixin.py:115} INFO - [2024-01-17 19:57:48,837] {dagbag.py:508} INFO - Filling up the DagBag from /opt/airflow/dags/ETLPrueba.py
[2024-01-17 19:57:49,469] {processor.py:651} INFO - DAG(s) dict_keys(['ETLFutbol']) retrieved from /opt/airflow/dags/ETLPrueba.py
[2024-01-17 19:57:49,497] {logging_mixin.py:115} INFO - [2024-01-17 19:57:49,497] {dag.py:2420} INFO - Sync 1 DAGs
[2024-01-17 19:57:49,529] {logging_mixin.py:115} INFO - [2024-01-17 19:57:49,529] {dag.py:2972} INFO - Setting next_dagrun for ETLFutbol to 2024-01-17T00:00:00+00:00, run_after=2024-01-18T00:00:00+00:00
[2024-01-17 19:57:50,081] {processor.py:161} INFO - Processing /opt/airflow/dags/ETLPrueba.py took 1.254 seconds
[2024-01-17 19:58:00,405] {processor.py:153} INFO - Started process (PID=7880) to work on /opt/airflow/dags/ETLPrueba.py
[2024-01-17 19:58:00,406] {processor.py:641} INFO - Processing file /opt/airflow/dags/ETLPrueba.py for tasks to queue
[2024-01-17 19:58:00,410] {logging_mixin.py:115} INFO - [2024-01-17 19:58:00,410] {dagbag.py:508} INFO - Filling up the DagBag from /opt/airflow/dags/ETLPrueba.py
[2024-01-17 19:58:00,932] {processor.py:651} INFO - DAG(s) dict_keys(['ETLFutbol']) retrieved from /opt/airflow/dags/ETLPrueba.py
[2024-01-17 19:58:00,965] {logging_mixin.py:115} INFO - [2024-01-17 19:58:00,964] {dag.py:2420} INFO - Sync 1 DAGs
[2024-01-17 19:58:01,003] {logging_mixin.py:115} INFO - [2024-01-17 19:58:01,003] {dag.py:2972} INFO - Setting next_dagrun for ETLFutbol to 2024-01-17T00:00:00+00:00, run_after=2024-01-18T00:00:00+00:00
[2024-01-17 19:58:01,092] {processor.py:161} INFO - Processing /opt/airflow/dags/ETLPrueba.py took 0.691 seconds
[2024-01-17 19:58:11,884] {processor.py:153} INFO - Started process (PID=7896) to work on /opt/airflow/dags/ETLPrueba.py
[2024-01-17 19:58:11,885] {processor.py:641} INFO - Processing file /opt/airflow/dags/ETLPrueba.py for tasks to queue
[2024-01-17 19:58:11,886] {logging_mixin.py:115} INFO - [2024-01-17 19:58:11,886] {dagbag.py:508} INFO - Filling up the DagBag from /opt/airflow/dags/ETLPrueba.py
[2024-01-17 19:58:12,556] {processor.py:651} INFO - DAG(s) dict_keys(['ETLFutbol']) retrieved from /opt/airflow/dags/ETLPrueba.py
[2024-01-17 19:58:12,584] {logging_mixin.py:115} INFO - [2024-01-17 19:58:12,584] {dag.py:2420} INFO - Sync 1 DAGs
[2024-01-17 19:58:12,622] {logging_mixin.py:115} INFO - [2024-01-17 19:58:12,621] {dag.py:2972} INFO - Setting next_dagrun for ETLFutbol to 2024-01-17T00:00:00+00:00, run_after=2024-01-18T00:00:00+00:00
[2024-01-17 19:58:12,679] {processor.py:161} INFO - Processing /opt/airflow/dags/ETLPrueba.py took 0.798 seconds
[2024-01-17 19:58:23,297] {processor.py:153} INFO - Started process (PID=7914) to work on /opt/airflow/dags/ETLPrueba.py
[2024-01-17 19:58:23,298] {processor.py:641} INFO - Processing file /opt/airflow/dags/ETLPrueba.py for tasks to queue
[2024-01-17 19:58:23,299] {logging_mixin.py:115} INFO - [2024-01-17 19:58:23,299] {dagbag.py:508} INFO - Filling up the DagBag from /opt/airflow/dags/ETLPrueba.py
[2024-01-17 19:58:23,941] {processor.py:651} INFO - DAG(s) dict_keys(['ETLFutbol']) retrieved from /opt/airflow/dags/ETLPrueba.py
[2024-01-17 19:58:23,968] {logging_mixin.py:115} INFO - [2024-01-17 19:58:23,968] {dag.py:2420} INFO - Sync 1 DAGs
[2024-01-17 19:58:23,998] {logging_mixin.py:115} INFO - [2024-01-17 19:58:23,998] {dag.py:2972} INFO - Setting next_dagrun for ETLFutbol to 2024-01-17T00:00:00+00:00, run_after=2024-01-18T00:00:00+00:00
[2024-01-17 19:58:24,047] {processor.py:161} INFO - Processing /opt/airflow/dags/ETLPrueba.py took 0.755 seconds
[2024-01-17 19:58:34,191] {processor.py:153} INFO - Started process (PID=7936) to work on /opt/airflow/dags/ETLPrueba.py
[2024-01-17 19:58:34,193] {processor.py:641} INFO - Processing file /opt/airflow/dags/ETLPrueba.py for tasks to queue
[2024-01-17 19:58:34,194] {logging_mixin.py:115} INFO - [2024-01-17 19:58:34,194] {dagbag.py:508} INFO - Filling up the DagBag from /opt/airflow/dags/ETLPrueba.py
[2024-01-17 19:58:34,704] {processor.py:651} INFO - DAG(s) dict_keys(['ETLFutbol']) retrieved from /opt/airflow/dags/ETLPrueba.py
[2024-01-17 19:58:34,731] {logging_mixin.py:115} INFO - [2024-01-17 19:58:34,731] {dag.py:2420} INFO - Sync 1 DAGs
[2024-01-17 19:58:34,762] {logging_mixin.py:115} INFO - [2024-01-17 19:58:34,762] {dag.py:2972} INFO - Setting next_dagrun for ETLFutbol to 2024-01-17T00:00:00+00:00, run_after=2024-01-18T00:00:00+00:00
[2024-01-17 19:58:34,851] {processor.py:161} INFO - Processing /opt/airflow/dags/ETLPrueba.py took 0.665 seconds
[2024-01-17 19:58:45,485] {processor.py:153} INFO - Started process (PID=7954) to work on /opt/airflow/dags/ETLPrueba.py
[2024-01-17 19:58:45,486] {processor.py:641} INFO - Processing file /opt/airflow/dags/ETLPrueba.py for tasks to queue
[2024-01-17 19:58:45,487] {logging_mixin.py:115} INFO - [2024-01-17 19:58:45,487] {dagbag.py:508} INFO - Filling up the DagBag from /opt/airflow/dags/ETLPrueba.py
[2024-01-17 19:58:46,146] {processor.py:651} INFO - DAG(s) dict_keys(['ETLFutbol']) retrieved from /opt/airflow/dags/ETLPrueba.py
[2024-01-17 19:58:46,173] {logging_mixin.py:115} INFO - [2024-01-17 19:58:46,172] {dag.py:2420} INFO - Sync 1 DAGs
[2024-01-17 19:58:46,204] {logging_mixin.py:115} INFO - [2024-01-17 19:58:46,204] {dag.py:2972} INFO - Setting next_dagrun for ETLFutbol to 2024-01-17T00:00:00+00:00, run_after=2024-01-18T00:00:00+00:00
[2024-01-17 19:58:46,244] {processor.py:161} INFO - Processing /opt/airflow/dags/ETLPrueba.py took 0.765 seconds
[2024-01-17 19:58:56,802] {processor.py:153} INFO - Started process (PID=7970) to work on /opt/airflow/dags/ETLPrueba.py
[2024-01-17 19:58:56,803] {processor.py:641} INFO - Processing file /opt/airflow/dags/ETLPrueba.py for tasks to queue
[2024-01-17 19:58:56,804] {logging_mixin.py:115} INFO - [2024-01-17 19:58:56,804] {dagbag.py:508} INFO - Filling up the DagBag from /opt/airflow/dags/ETLPrueba.py
[2024-01-17 19:58:57,502] {processor.py:651} INFO - DAG(s) dict_keys(['ETLFutbol']) retrieved from /opt/airflow/dags/ETLPrueba.py
[2024-01-17 19:58:57,530] {logging_mixin.py:115} INFO - [2024-01-17 19:58:57,530] {dag.py:2420} INFO - Sync 1 DAGs
[2024-01-17 19:58:57,563] {logging_mixin.py:115} INFO - [2024-01-17 19:58:57,563] {dag.py:2972} INFO - Setting next_dagrun for ETLFutbol to 2024-01-17T00:00:00+00:00, run_after=2024-01-18T00:00:00+00:00
[2024-01-17 19:58:57,611] {processor.py:161} INFO - Processing /opt/airflow/dags/ETLPrueba.py took 0.815 seconds
[2024-01-17 19:59:08,173] {processor.py:153} INFO - Started process (PID=7986) to work on /opt/airflow/dags/ETLPrueba.py
[2024-01-17 19:59:08,173] {processor.py:641} INFO - Processing file /opt/airflow/dags/ETLPrueba.py for tasks to queue
[2024-01-17 19:59:08,175] {logging_mixin.py:115} INFO - [2024-01-17 19:59:08,175] {dagbag.py:508} INFO - Filling up the DagBag from /opt/airflow/dags/ETLPrueba.py
[2024-01-17 19:59:08,784] {processor.py:651} INFO - DAG(s) dict_keys(['ETLFutbol']) retrieved from /opt/airflow/dags/ETLPrueba.py
[2024-01-17 19:59:08,809] {logging_mixin.py:115} INFO - [2024-01-17 19:59:08,809] {dag.py:2420} INFO - Sync 1 DAGs
[2024-01-17 19:59:08,839] {logging_mixin.py:115} INFO - [2024-01-17 19:59:08,839] {dag.py:2972} INFO - Setting next_dagrun for ETLFutbol to 2024-01-17T00:00:00+00:00, run_after=2024-01-18T00:00:00+00:00
[2024-01-17 19:59:08,883] {processor.py:161} INFO - Processing /opt/airflow/dags/ETLPrueba.py took 0.715 seconds
[2024-01-17 19:59:19,777] {processor.py:153} INFO - Started process (PID=8002) to work on /opt/airflow/dags/ETLPrueba.py
[2024-01-17 19:59:19,779] {processor.py:641} INFO - Processing file /opt/airflow/dags/ETLPrueba.py for tasks to queue
[2024-01-17 19:59:19,781] {logging_mixin.py:115} INFO - [2024-01-17 19:59:19,780] {dagbag.py:508} INFO - Filling up the DagBag from /opt/airflow/dags/ETLPrueba.py
[2024-01-17 19:59:20,299] {processor.py:651} INFO - DAG(s) dict_keys(['ETLFutbol']) retrieved from /opt/airflow/dags/ETLPrueba.py
[2024-01-17 19:59:20,327] {logging_mixin.py:115} INFO - [2024-01-17 19:59:20,326] {dag.py:2420} INFO - Sync 1 DAGs
[2024-01-17 19:59:20,360] {logging_mixin.py:115} INFO - [2024-01-17 19:59:20,360] {dag.py:2972} INFO - Setting next_dagrun for ETLFutbol to 2024-01-17T00:00:00+00:00, run_after=2024-01-18T00:00:00+00:00
[2024-01-17 19:59:20,407] {processor.py:161} INFO - Processing /opt/airflow/dags/ETLPrueba.py took 0.635 seconds
[2024-01-17 19:59:30,900] {processor.py:153} INFO - Started process (PID=8018) to work on /opt/airflow/dags/ETLPrueba.py
[2024-01-17 19:59:30,901] {processor.py:641} INFO - Processing file /opt/airflow/dags/ETLPrueba.py for tasks to queue
[2024-01-17 19:59:30,902] {logging_mixin.py:115} INFO - [2024-01-17 19:59:30,902] {dagbag.py:508} INFO - Filling up the DagBag from /opt/airflow/dags/ETLPrueba.py
[2024-01-17 19:59:31,433] {processor.py:651} INFO - DAG(s) dict_keys(['ETLFutbol']) retrieved from /opt/airflow/dags/ETLPrueba.py
[2024-01-17 19:59:31,461] {logging_mixin.py:115} INFO - [2024-01-17 19:59:31,460] {dag.py:2420} INFO - Sync 1 DAGs
[2024-01-17 19:59:31,496] {logging_mixin.py:115} INFO - [2024-01-17 19:59:31,495] {dag.py:2972} INFO - Setting next_dagrun for ETLFutbol to 2024-01-17T00:00:00+00:00, run_after=2024-01-18T00:00:00+00:00
[2024-01-17 19:59:31,564] {processor.py:161} INFO - Processing /opt/airflow/dags/ETLPrueba.py took 0.668 seconds
[2024-01-17 19:59:42,480] {processor.py:153} INFO - Started process (PID=8034) to work on /opt/airflow/dags/ETLPrueba.py
[2024-01-17 19:59:42,481] {processor.py:641} INFO - Processing file /opt/airflow/dags/ETLPrueba.py for tasks to queue
[2024-01-17 19:59:42,482] {logging_mixin.py:115} INFO - [2024-01-17 19:59:42,482] {dagbag.py:508} INFO - Filling up the DagBag from /opt/airflow/dags/ETLPrueba.py
[2024-01-17 19:59:43,388] {processor.py:651} INFO - DAG(s) dict_keys(['ETLFutbol']) retrieved from /opt/airflow/dags/ETLPrueba.py
[2024-01-17 19:59:43,485] {logging_mixin.py:115} INFO - [2024-01-17 19:59:43,484] {dag.py:2420} INFO - Sync 1 DAGs
[2024-01-17 19:59:43,623] {logging_mixin.py:115} INFO - [2024-01-17 19:59:43,623] {dag.py:2972} INFO - Setting next_dagrun for ETLFutbol to 2024-01-17T00:00:00+00:00, run_after=2024-01-18T00:00:00+00:00
[2024-01-17 19:59:43,755] {processor.py:161} INFO - Processing /opt/airflow/dags/ETLPrueba.py took 1.281 seconds
[2024-01-17 19:59:53,945] {processor.py:153} INFO - Started process (PID=8050) to work on /opt/airflow/dags/ETLPrueba.py
[2024-01-17 19:59:53,947] {processor.py:641} INFO - Processing file /opt/airflow/dags/ETLPrueba.py for tasks to queue
[2024-01-17 19:59:53,958] {logging_mixin.py:115} INFO - [2024-01-17 19:59:53,949] {dagbag.py:508} INFO - Filling up the DagBag from /opt/airflow/dags/ETLPrueba.py
[2024-01-17 19:59:55,264] {processor.py:651} INFO - DAG(s) dict_keys(['ETLFutbol']) retrieved from /opt/airflow/dags/ETLPrueba.py
[2024-01-17 19:59:55,292] {logging_mixin.py:115} INFO - [2024-01-17 19:59:55,291] {dag.py:2420} INFO - Sync 1 DAGs
[2024-01-17 19:59:55,323] {logging_mixin.py:115} INFO - [2024-01-17 19:59:55,323] {dag.py:2972} INFO - Setting next_dagrun for ETLFutbol to 2024-01-17T00:00:00+00:00, run_after=2024-01-18T00:00:00+00:00
[2024-01-17 19:59:55,364] {processor.py:161} INFO - Processing /opt/airflow/dags/ETLPrueba.py took 1.427 seconds
[2024-01-17 20:00:05,445] {processor.py:153} INFO - Started process (PID=8066) to work on /opt/airflow/dags/ETLPrueba.py
[2024-01-17 20:00:05,447] {processor.py:641} INFO - Processing file /opt/airflow/dags/ETLPrueba.py for tasks to queue
[2024-01-17 20:00:05,449] {logging_mixin.py:115} INFO - [2024-01-17 20:00:05,448] {dagbag.py:508} INFO - Filling up the DagBag from /opt/airflow/dags/ETLPrueba.py
[2024-01-17 20:00:06,062] {processor.py:651} INFO - DAG(s) dict_keys(['ETLFutbol']) retrieved from /opt/airflow/dags/ETLPrueba.py
[2024-01-17 20:00:06,093] {logging_mixin.py:115} INFO - [2024-01-17 20:00:06,092] {dag.py:2420} INFO - Sync 1 DAGs
[2024-01-17 20:00:06,128] {logging_mixin.py:115} INFO - [2024-01-17 20:00:06,128] {dag.py:2972} INFO - Setting next_dagrun for ETLFutbol to 2024-01-17T00:00:00+00:00, run_after=2024-01-18T00:00:00+00:00
[2024-01-17 20:00:06,268] {processor.py:161} INFO - Processing /opt/airflow/dags/ETLPrueba.py took 0.830 seconds
[2024-01-17 20:00:16,774] {processor.py:153} INFO - Started process (PID=8082) to work on /opt/airflow/dags/ETLPrueba.py
[2024-01-17 20:00:16,777] {processor.py:641} INFO - Processing file /opt/airflow/dags/ETLPrueba.py for tasks to queue
[2024-01-17 20:00:16,778] {logging_mixin.py:115} INFO - [2024-01-17 20:00:16,778] {dagbag.py:508} INFO - Filling up the DagBag from /opt/airflow/dags/ETLPrueba.py
[2024-01-17 20:00:17,855] {processor.py:651} INFO - DAG(s) dict_keys(['ETLFutbol']) retrieved from /opt/airflow/dags/ETLPrueba.py
[2024-01-17 20:00:17,884] {logging_mixin.py:115} INFO - [2024-01-17 20:00:17,883] {dag.py:2420} INFO - Sync 1 DAGs
[2024-01-17 20:00:17,922] {logging_mixin.py:115} INFO - [2024-01-17 20:00:17,922] {dag.py:2972} INFO - Setting next_dagrun for ETLFutbol to 2024-01-17T00:00:00+00:00, run_after=2024-01-18T00:00:00+00:00
[2024-01-17 20:00:18,041] {processor.py:161} INFO - Processing /opt/airflow/dags/ETLPrueba.py took 1.277 seconds
[2024-01-17 20:00:28,445] {processor.py:153} INFO - Started process (PID=8098) to work on /opt/airflow/dags/ETLPrueba.py
[2024-01-17 20:00:28,447] {processor.py:641} INFO - Processing file /opt/airflow/dags/ETLPrueba.py for tasks to queue
[2024-01-17 20:00:28,449] {logging_mixin.py:115} INFO - [2024-01-17 20:00:28,448] {dagbag.py:508} INFO - Filling up the DagBag from /opt/airflow/dags/ETLPrueba.py
[2024-01-17 20:00:29,103] {processor.py:651} INFO - DAG(s) dict_keys(['ETLFutbol']) retrieved from /opt/airflow/dags/ETLPrueba.py
[2024-01-17 20:00:29,133] {logging_mixin.py:115} INFO - [2024-01-17 20:00:29,133] {dag.py:2420} INFO - Sync 1 DAGs
[2024-01-17 20:00:29,165] {logging_mixin.py:115} INFO - [2024-01-17 20:00:29,165] {dag.py:2972} INFO - Setting next_dagrun for ETLFutbol to 2024-01-17T00:00:00+00:00, run_after=2024-01-18T00:00:00+00:00
[2024-01-17 20:00:29,328] {processor.py:161} INFO - Processing /opt/airflow/dags/ETLPrueba.py took 0.888 seconds
[2024-01-17 20:00:39,859] {processor.py:153} INFO - Started process (PID=8117) to work on /opt/airflow/dags/ETLPrueba.py
[2024-01-17 20:00:39,860] {processor.py:641} INFO - Processing file /opt/airflow/dags/ETLPrueba.py for tasks to queue
[2024-01-17 20:00:39,861] {logging_mixin.py:115} INFO - [2024-01-17 20:00:39,861] {dagbag.py:508} INFO - Filling up the DagBag from /opt/airflow/dags/ETLPrueba.py
[2024-01-17 20:00:41,080] {processor.py:651} INFO - DAG(s) dict_keys(['ETLFutbol']) retrieved from /opt/airflow/dags/ETLPrueba.py
[2024-01-17 20:00:41,112] {logging_mixin.py:115} INFO - [2024-01-17 20:00:41,111] {dag.py:2420} INFO - Sync 1 DAGs
[2024-01-17 20:00:41,152] {logging_mixin.py:115} INFO - [2024-01-17 20:00:41,152] {dag.py:2972} INFO - Setting next_dagrun for ETLFutbol to 2024-01-17T00:00:00+00:00, run_after=2024-01-18T00:00:00+00:00
[2024-01-17 20:00:41,343] {processor.py:161} INFO - Processing /opt/airflow/dags/ETLPrueba.py took 1.489 seconds
[2024-01-17 20:00:51,608] {processor.py:153} INFO - Started process (PID=8133) to work on /opt/airflow/dags/ETLPrueba.py
[2024-01-17 20:00:51,609] {processor.py:641} INFO - Processing file /opt/airflow/dags/ETLPrueba.py for tasks to queue
[2024-01-17 20:00:51,610] {logging_mixin.py:115} INFO - [2024-01-17 20:00:51,610] {dagbag.py:508} INFO - Filling up the DagBag from /opt/airflow/dags/ETLPrueba.py
[2024-01-17 20:00:52,742] {processor.py:651} INFO - DAG(s) dict_keys(['ETLFutbol']) retrieved from /opt/airflow/dags/ETLPrueba.py
[2024-01-17 20:00:52,783] {logging_mixin.py:115} INFO - [2024-01-17 20:00:52,782] {dag.py:2420} INFO - Sync 1 DAGs
[2024-01-17 20:00:52,838] {logging_mixin.py:115} INFO - [2024-01-17 20:00:52,838] {dag.py:2972} INFO - Setting next_dagrun for ETLFutbol to 2024-01-17T00:00:00+00:00, run_after=2024-01-18T00:00:00+00:00
[2024-01-17 20:00:52,935] {processor.py:161} INFO - Processing /opt/airflow/dags/ETLPrueba.py took 1.332 seconds
[2024-01-17 20:01:03,314] {processor.py:153} INFO - Started process (PID=8151) to work on /opt/airflow/dags/ETLPrueba.py
[2024-01-17 20:01:03,316] {processor.py:641} INFO - Processing file /opt/airflow/dags/ETLPrueba.py for tasks to queue
[2024-01-17 20:01:03,317] {logging_mixin.py:115} INFO - [2024-01-17 20:01:03,317] {dagbag.py:508} INFO - Filling up the DagBag from /opt/airflow/dags/ETLPrueba.py
[2024-01-17 20:01:04,021] {processor.py:651} INFO - DAG(s) dict_keys(['ETLFutbol']) retrieved from /opt/airflow/dags/ETLPrueba.py
[2024-01-17 20:01:04,071] {logging_mixin.py:115} INFO - [2024-01-17 20:01:04,070] {dag.py:2420} INFO - Sync 1 DAGs
[2024-01-17 20:01:04,154] {logging_mixin.py:115} INFO - [2024-01-17 20:01:04,154] {dag.py:2972} INFO - Setting next_dagrun for ETLFutbol to 2024-01-17T00:00:00+00:00, run_after=2024-01-18T00:00:00+00:00
[2024-01-17 20:01:04,363] {processor.py:161} INFO - Processing /opt/airflow/dags/ETLPrueba.py took 1.054 seconds
[2024-01-17 20:01:15,051] {processor.py:153} INFO - Started process (PID=8167) to work on /opt/airflow/dags/ETLPrueba.py
[2024-01-17 20:01:15,053] {processor.py:641} INFO - Processing file /opt/airflow/dags/ETLPrueba.py for tasks to queue
[2024-01-17 20:01:15,055] {logging_mixin.py:115} INFO - [2024-01-17 20:01:15,055] {dagbag.py:508} INFO - Filling up the DagBag from /opt/airflow/dags/ETLPrueba.py
[2024-01-17 20:01:16,074] {processor.py:651} INFO - DAG(s) dict_keys(['ETLFutbol']) retrieved from /opt/airflow/dags/ETLPrueba.py
[2024-01-17 20:01:16,103] {logging_mixin.py:115} INFO - [2024-01-17 20:01:16,103] {dag.py:2420} INFO - Sync 1 DAGs
[2024-01-17 20:01:16,135] {logging_mixin.py:115} INFO - [2024-01-17 20:01:16,135] {dag.py:2972} INFO - Setting next_dagrun for ETLFutbol to 2024-01-17T00:00:00+00:00, run_after=2024-01-18T00:00:00+00:00
[2024-01-17 20:01:16,233] {processor.py:161} INFO - Processing /opt/airflow/dags/ETLPrueba.py took 1.197 seconds
[2024-01-17 20:01:26,554] {processor.py:153} INFO - Started process (PID=8188) to work on /opt/airflow/dags/ETLPrueba.py
[2024-01-17 20:01:26,556] {processor.py:641} INFO - Processing file /opt/airflow/dags/ETLPrueba.py for tasks to queue
[2024-01-17 20:01:26,557] {logging_mixin.py:115} INFO - [2024-01-17 20:01:26,557] {dagbag.py:508} INFO - Filling up the DagBag from /opt/airflow/dags/ETLPrueba.py
[2024-01-17 20:01:27,334] {processor.py:651} INFO - DAG(s) dict_keys(['ETLFutbol']) retrieved from /opt/airflow/dags/ETLPrueba.py
[2024-01-17 20:01:27,371] {logging_mixin.py:115} INFO - [2024-01-17 20:01:27,371] {dag.py:2420} INFO - Sync 1 DAGs
[2024-01-17 20:01:27,400] {logging_mixin.py:115} INFO - [2024-01-17 20:01:27,400] {dag.py:2972} INFO - Setting next_dagrun for ETLFutbol to 2024-01-17T00:00:00+00:00, run_after=2024-01-18T00:00:00+00:00
[2024-01-17 20:01:27,504] {processor.py:161} INFO - Processing /opt/airflow/dags/ETLPrueba.py took 0.954 seconds
[2024-01-17 20:01:37,765] {processor.py:153} INFO - Started process (PID=8204) to work on /opt/airflow/dags/ETLPrueba.py
[2024-01-17 20:01:37,767] {processor.py:641} INFO - Processing file /opt/airflow/dags/ETLPrueba.py for tasks to queue
[2024-01-17 20:01:37,768] {logging_mixin.py:115} INFO - [2024-01-17 20:01:37,768] {dagbag.py:508} INFO - Filling up the DagBag from /opt/airflow/dags/ETLPrueba.py
[2024-01-17 20:01:38,296] {processor.py:651} INFO - DAG(s) dict_keys(['ETLFutbol']) retrieved from /opt/airflow/dags/ETLPrueba.py
[2024-01-17 20:01:38,333] {logging_mixin.py:115} INFO - [2024-01-17 20:01:38,332] {dag.py:2420} INFO - Sync 1 DAGs
[2024-01-17 20:01:38,385] {logging_mixin.py:115} INFO - [2024-01-17 20:01:38,385] {dag.py:2972} INFO - Setting next_dagrun for ETLFutbol to 2024-01-17T00:00:00+00:00, run_after=2024-01-18T00:00:00+00:00
[2024-01-17 20:01:38,470] {processor.py:161} INFO - Processing /opt/airflow/dags/ETLPrueba.py took 0.709 seconds
[2024-01-17 20:01:49,230] {processor.py:153} INFO - Started process (PID=8220) to work on /opt/airflow/dags/ETLPrueba.py
[2024-01-17 20:01:49,231] {processor.py:641} INFO - Processing file /opt/airflow/dags/ETLPrueba.py for tasks to queue
[2024-01-17 20:01:49,232] {logging_mixin.py:115} INFO - [2024-01-17 20:01:49,232] {dagbag.py:508} INFO - Filling up the DagBag from /opt/airflow/dags/ETLPrueba.py
[2024-01-17 20:01:49,828] {processor.py:651} INFO - DAG(s) dict_keys(['ETLFutbol']) retrieved from /opt/airflow/dags/ETLPrueba.py
[2024-01-17 20:01:49,856] {logging_mixin.py:115} INFO - [2024-01-17 20:01:49,855] {dag.py:2420} INFO - Sync 1 DAGs
[2024-01-17 20:01:49,886] {logging_mixin.py:115} INFO - [2024-01-17 20:01:49,886] {dag.py:2972} INFO - Setting next_dagrun for ETLFutbol to 2024-01-17T00:00:00+00:00, run_after=2024-01-18T00:00:00+00:00
[2024-01-17 20:01:49,941] {processor.py:161} INFO - Processing /opt/airflow/dags/ETLPrueba.py took 0.715 seconds
[2024-01-17 20:02:00,515] {processor.py:153} INFO - Started process (PID=8236) to work on /opt/airflow/dags/ETLPrueba.py
[2024-01-17 20:02:00,516] {processor.py:641} INFO - Processing file /opt/airflow/dags/ETLPrueba.py for tasks to queue
[2024-01-17 20:02:00,517] {logging_mixin.py:115} INFO - [2024-01-17 20:02:00,517] {dagbag.py:508} INFO - Filling up the DagBag from /opt/airflow/dags/ETLPrueba.py
[2024-01-17 20:02:01,079] {processor.py:651} INFO - DAG(s) dict_keys(['ETLFutbol']) retrieved from /opt/airflow/dags/ETLPrueba.py
[2024-01-17 20:02:01,097] {logging_mixin.py:115} INFO - [2024-01-17 20:02:01,096] {dag.py:2420} INFO - Sync 1 DAGs
[2024-01-17 20:02:01,128] {logging_mixin.py:115} INFO - [2024-01-17 20:02:01,128] {dag.py:2972} INFO - Setting next_dagrun for ETLFutbol to 2024-01-17T00:00:00+00:00, run_after=2024-01-18T00:00:00+00:00
[2024-01-17 20:02:01,211] {processor.py:161} INFO - Processing /opt/airflow/dags/ETLPrueba.py took 0.700 seconds
[2024-01-17 20:02:12,194] {processor.py:153} INFO - Started process (PID=8252) to work on /opt/airflow/dags/ETLPrueba.py
[2024-01-17 20:02:12,196] {processor.py:641} INFO - Processing file /opt/airflow/dags/ETLPrueba.py for tasks to queue
[2024-01-17 20:02:12,202] {logging_mixin.py:115} INFO - [2024-01-17 20:02:12,201] {dagbag.py:508} INFO - Filling up the DagBag from /opt/airflow/dags/ETLPrueba.py
[2024-01-17 20:02:12,984] {processor.py:651} INFO - DAG(s) dict_keys(['ETLFutbol']) retrieved from /opt/airflow/dags/ETLPrueba.py
[2024-01-17 20:02:13,007] {logging_mixin.py:115} INFO - [2024-01-17 20:02:13,007] {dag.py:2420} INFO - Sync 1 DAGs
[2024-01-17 20:02:13,054] {logging_mixin.py:115} INFO - [2024-01-17 20:02:13,051] {dag.py:2972} INFO - Setting next_dagrun for ETLFutbol to 2024-01-17T00:00:00+00:00, run_after=2024-01-18T00:00:00+00:00
[2024-01-17 20:02:13,134] {processor.py:161} INFO - Processing /opt/airflow/dags/ETLPrueba.py took 0.953 seconds
[2024-01-17 20:02:23,486] {processor.py:153} INFO - Started process (PID=8268) to work on /opt/airflow/dags/ETLPrueba.py
[2024-01-17 20:02:23,487] {processor.py:641} INFO - Processing file /opt/airflow/dags/ETLPrueba.py for tasks to queue
[2024-01-17 20:02:23,488] {logging_mixin.py:115} INFO - [2024-01-17 20:02:23,488] {dagbag.py:508} INFO - Filling up the DagBag from /opt/airflow/dags/ETLPrueba.py
[2024-01-17 20:02:24,033] {processor.py:651} INFO - DAG(s) dict_keys(['ETLFutbol']) retrieved from /opt/airflow/dags/ETLPrueba.py
[2024-01-17 20:02:24,059] {logging_mixin.py:115} INFO - [2024-01-17 20:02:24,059] {dag.py:2420} INFO - Sync 1 DAGs
[2024-01-17 20:02:24,107] {logging_mixin.py:115} INFO - [2024-01-17 20:02:24,107] {dag.py:2972} INFO - Setting next_dagrun for ETLFutbol to 2024-01-17T00:00:00+00:00, run_after=2024-01-18T00:00:00+00:00
[2024-01-17 20:02:24,182] {processor.py:161} INFO - Processing /opt/airflow/dags/ETLPrueba.py took 0.701 seconds
[2024-01-17 20:02:34,933] {processor.py:153} INFO - Started process (PID=8284) to work on /opt/airflow/dags/ETLPrueba.py
[2024-01-17 20:02:34,934] {processor.py:641} INFO - Processing file /opt/airflow/dags/ETLPrueba.py for tasks to queue
[2024-01-17 20:02:34,935] {logging_mixin.py:115} INFO - [2024-01-17 20:02:34,935] {dagbag.py:508} INFO - Filling up the DagBag from /opt/airflow/dags/ETLPrueba.py
[2024-01-17 20:02:35,505] {processor.py:651} INFO - DAG(s) dict_keys(['ETLFutbol']) retrieved from /opt/airflow/dags/ETLPrueba.py
[2024-01-17 20:02:35,604] {logging_mixin.py:115} INFO - [2024-01-17 20:02:35,603] {dag.py:2420} INFO - Sync 1 DAGs
[2024-01-17 20:02:35,646] {logging_mixin.py:115} INFO - [2024-01-17 20:02:35,646] {dag.py:2972} INFO - Setting next_dagrun for ETLFutbol to 2024-01-17T00:00:00+00:00, run_after=2024-01-18T00:00:00+00:00
[2024-01-17 20:02:37,193] {logging_mixin.py:115} INFO - [2024-01-17 20:02:37,193] {dag.py:2420} INFO - Sync 1 DAGs
[2024-01-17 20:02:37,209] {logging_mixin.py:115} INFO - [2024-01-17 20:02:37,209] {dag.py:2972} INFO - Setting next_dagrun for ETLFutbol to 2024-01-16T00:00:00+00:00, run_after=2024-01-17T00:00:00+00:00
[2024-01-17 20:02:37,284] {processor.py:161} INFO - Processing /opt/airflow/dags/ETLPrueba.py took 2.356 seconds
[2024-01-17 20:02:47,399] {processor.py:153} INFO - Started process (PID=8305) to work on /opt/airflow/dags/ETLPrueba.py
[2024-01-17 20:02:47,402] {processor.py:641} INFO - Processing file /opt/airflow/dags/ETLPrueba.py for tasks to queue
[2024-01-17 20:02:47,403] {logging_mixin.py:115} INFO - [2024-01-17 20:02:47,403] {dagbag.py:508} INFO - Filling up the DagBag from /opt/airflow/dags/ETLPrueba.py
[2024-01-17 20:02:48,029] {processor.py:651} INFO - DAG(s) dict_keys(['ETLFutbol']) retrieved from /opt/airflow/dags/ETLPrueba.py
[2024-01-17 20:02:48,048] {logging_mixin.py:115} INFO - [2024-01-17 20:02:48,048] {dag.py:2420} INFO - Sync 1 DAGs
[2024-01-17 20:02:48,084] {logging_mixin.py:115} INFO - [2024-01-17 20:02:48,084] {dag.py:2972} INFO - Setting next_dagrun for ETLFutbol to 2024-01-16T00:00:00+00:00, run_after=2024-01-17T00:00:00+00:00
[2024-01-17 20:02:48,149] {processor.py:161} INFO - Processing /opt/airflow/dags/ETLPrueba.py took 0.757 seconds
[2024-01-17 20:02:58,277] {processor.py:153} INFO - Started process (PID=8319) to work on /opt/airflow/dags/ETLPrueba.py
[2024-01-17 20:02:58,278] {processor.py:641} INFO - Processing file /opt/airflow/dags/ETLPrueba.py for tasks to queue
[2024-01-17 20:02:58,279] {logging_mixin.py:115} INFO - [2024-01-17 20:02:58,279] {dagbag.py:508} INFO - Filling up the DagBag from /opt/airflow/dags/ETLPrueba.py
[2024-01-17 20:02:58,853] {processor.py:651} INFO - DAG(s) dict_keys(['ETLFutbol']) retrieved from /opt/airflow/dags/ETLPrueba.py
[2024-01-17 20:02:58,870] {logging_mixin.py:115} INFO - [2024-01-17 20:02:58,869] {dag.py:2420} INFO - Sync 1 DAGs
[2024-01-17 20:02:58,898] {logging_mixin.py:115} INFO - [2024-01-17 20:02:58,897] {dag.py:2972} INFO - Setting next_dagrun for ETLFutbol to 2024-01-16T00:00:00+00:00, run_after=2024-01-17T00:00:00+00:00
[2024-01-17 20:02:58,963] {processor.py:161} INFO - Processing /opt/airflow/dags/ETLPrueba.py took 0.692 seconds
[2024-01-17 20:03:09,807] {processor.py:153} INFO - Started process (PID=8337) to work on /opt/airflow/dags/ETLPrueba.py
[2024-01-17 20:03:09,808] {processor.py:641} INFO - Processing file /opt/airflow/dags/ETLPrueba.py for tasks to queue
[2024-01-17 20:03:09,809] {logging_mixin.py:115} INFO - [2024-01-17 20:03:09,809] {dagbag.py:508} INFO - Filling up the DagBag from /opt/airflow/dags/ETLPrueba.py
[2024-01-17 20:03:10,279] {processor.py:651} INFO - DAG(s) dict_keys(['ETLFutbol']) retrieved from /opt/airflow/dags/ETLPrueba.py
[2024-01-17 20:03:10,295] {logging_mixin.py:115} INFO - [2024-01-17 20:03:10,294] {dag.py:2420} INFO - Sync 1 DAGs
[2024-01-17 20:03:10,323] {logging_mixin.py:115} INFO - [2024-01-17 20:03:10,323] {dag.py:2972} INFO - Setting next_dagrun for ETLFutbol to 2024-01-16T00:00:00+00:00, run_after=2024-01-17T00:00:00+00:00
[2024-01-17 20:03:10,406] {processor.py:161} INFO - Processing /opt/airflow/dags/ETLPrueba.py took 0.602 seconds
[2024-01-17 20:03:21,186] {processor.py:153} INFO - Started process (PID=8353) to work on /opt/airflow/dags/ETLPrueba.py
[2024-01-17 20:03:21,187] {processor.py:641} INFO - Processing file /opt/airflow/dags/ETLPrueba.py for tasks to queue
[2024-01-17 20:03:21,188] {logging_mixin.py:115} INFO - [2024-01-17 20:03:21,188] {dagbag.py:508} INFO - Filling up the DagBag from /opt/airflow/dags/ETLPrueba.py
[2024-01-17 20:03:21,671] {processor.py:651} INFO - DAG(s) dict_keys(['ETLFutbol']) retrieved from /opt/airflow/dags/ETLPrueba.py
[2024-01-17 20:03:21,687] {logging_mixin.py:115} INFO - [2024-01-17 20:03:21,686] {dag.py:2420} INFO - Sync 1 DAGs
[2024-01-17 20:03:21,718] {logging_mixin.py:115} INFO - [2024-01-17 20:03:21,718] {dag.py:2972} INFO - Setting next_dagrun for ETLFutbol to 2024-01-16T00:00:00+00:00, run_after=2024-01-17T00:00:00+00:00
[2024-01-17 20:03:22,249] {processor.py:161} INFO - Processing /opt/airflow/dags/ETLPrueba.py took 1.069 seconds
[2024-01-17 20:03:32,485] {processor.py:153} INFO - Started process (PID=8369) to work on /opt/airflow/dags/ETLPrueba.py
[2024-01-17 20:03:32,486] {processor.py:641} INFO - Processing file /opt/airflow/dags/ETLPrueba.py for tasks to queue
[2024-01-17 20:03:32,487] {logging_mixin.py:115} INFO - [2024-01-17 20:03:32,487] {dagbag.py:508} INFO - Filling up the DagBag from /opt/airflow/dags/ETLPrueba.py
[2024-01-17 20:03:33,257] {processor.py:651} INFO - DAG(s) dict_keys(['ETLFutbol']) retrieved from /opt/airflow/dags/ETLPrueba.py
[2024-01-17 20:03:33,284] {logging_mixin.py:115} INFO - [2024-01-17 20:03:33,284] {dag.py:2420} INFO - Sync 1 DAGs
[2024-01-17 20:03:33,329] {logging_mixin.py:115} INFO - [2024-01-17 20:03:33,329] {dag.py:2972} INFO - Setting next_dagrun for ETLFutbol to 2024-01-16T00:00:00+00:00, run_after=2024-01-17T00:00:00+00:00
[2024-01-17 20:03:33,382] {processor.py:161} INFO - Processing /opt/airflow/dags/ETLPrueba.py took 0.901 seconds
[2024-01-17 20:03:43,948] {processor.py:153} INFO - Started process (PID=8389) to work on /opt/airflow/dags/ETLPrueba.py
[2024-01-17 20:03:43,949] {processor.py:641} INFO - Processing file /opt/airflow/dags/ETLPrueba.py for tasks to queue
[2024-01-17 20:03:43,950] {logging_mixin.py:115} INFO - [2024-01-17 20:03:43,950] {dagbag.py:508} INFO - Filling up the DagBag from /opt/airflow/dags/ETLPrueba.py
[2024-01-17 20:03:44,524] {processor.py:651} INFO - DAG(s) dict_keys(['ETLFutbol']) retrieved from /opt/airflow/dags/ETLPrueba.py
[2024-01-17 20:03:44,611] {logging_mixin.py:115} INFO - [2024-01-17 20:03:44,611] {dag.py:2420} INFO - Sync 1 DAGs
[2024-01-17 20:03:44,639] {logging_mixin.py:115} INFO - [2024-01-17 20:03:44,639] {dag.py:2972} INFO - Setting next_dagrun for ETLFutbol to 2024-01-17T00:00:00+00:00, run_after=2024-01-18T00:00:00+00:00
[2024-01-17 20:03:44,697] {processor.py:161} INFO - Processing /opt/airflow/dags/ETLPrueba.py took 0.753 seconds
[2024-01-17 20:03:54,822] {processor.py:153} INFO - Started process (PID=8405) to work on /opt/airflow/dags/ETLPrueba.py
[2024-01-17 20:03:54,823] {processor.py:641} INFO - Processing file /opt/airflow/dags/ETLPrueba.py for tasks to queue
[2024-01-17 20:03:54,825] {logging_mixin.py:115} INFO - [2024-01-17 20:03:54,825] {dagbag.py:508} INFO - Filling up the DagBag from /opt/airflow/dags/ETLPrueba.py
[2024-01-17 20:03:55,370] {processor.py:651} INFO - DAG(s) dict_keys(['ETLFutbol']) retrieved from /opt/airflow/dags/ETLPrueba.py
[2024-01-17 20:03:55,387] {logging_mixin.py:115} INFO - [2024-01-17 20:03:55,387] {dag.py:2420} INFO - Sync 1 DAGs
[2024-01-17 20:03:55,421] {logging_mixin.py:115} INFO - [2024-01-17 20:03:55,420] {dag.py:2972} INFO - Setting next_dagrun for ETLFutbol to 2024-01-17T00:00:00+00:00, run_after=2024-01-18T00:00:00+00:00
[2024-01-17 20:03:55,469] {processor.py:161} INFO - Processing /opt/airflow/dags/ETLPrueba.py took 0.654 seconds
[2024-01-17 20:04:05,598] {processor.py:153} INFO - Started process (PID=8421) to work on /opt/airflow/dags/ETLPrueba.py
[2024-01-17 20:04:05,599] {processor.py:641} INFO - Processing file /opt/airflow/dags/ETLPrueba.py for tasks to queue
[2024-01-17 20:04:05,600] {logging_mixin.py:115} INFO - [2024-01-17 20:04:05,600] {dagbag.py:508} INFO - Filling up the DagBag from /opt/airflow/dags/ETLPrueba.py
[2024-01-17 20:04:06,113] {processor.py:651} INFO - DAG(s) dict_keys(['ETLFutbol']) retrieved from /opt/airflow/dags/ETLPrueba.py
[2024-01-17 20:04:06,129] {logging_mixin.py:115} INFO - [2024-01-17 20:04:06,128] {dag.py:2420} INFO - Sync 1 DAGs
[2024-01-17 20:04:06,158] {logging_mixin.py:115} INFO - [2024-01-17 20:04:06,158] {dag.py:2972} INFO - Setting next_dagrun for ETLFutbol to 2024-01-17T00:00:00+00:00, run_after=2024-01-18T00:00:00+00:00
[2024-01-17 20:04:06,211] {processor.py:161} INFO - Processing /opt/airflow/dags/ETLPrueba.py took 0.617 seconds
[2024-01-17 20:04:16,965] {processor.py:153} INFO - Started process (PID=8442) to work on /opt/airflow/dags/ETLPrueba.py
[2024-01-17 20:04:16,966] {processor.py:641} INFO - Processing file /opt/airflow/dags/ETLPrueba.py for tasks to queue
[2024-01-17 20:04:16,967] {logging_mixin.py:115} INFO - [2024-01-17 20:04:16,967] {dagbag.py:508} INFO - Filling up the DagBag from /opt/airflow/dags/ETLPrueba.py
[2024-01-17 20:04:17,585] {processor.py:651} INFO - DAG(s) dict_keys(['ETLFutbol']) retrieved from /opt/airflow/dags/ETLPrueba.py
[2024-01-17 20:04:17,613] {logging_mixin.py:115} INFO - [2024-01-17 20:04:17,612] {dag.py:2420} INFO - Sync 1 DAGs
[2024-01-17 20:04:17,644] {logging_mixin.py:115} INFO - [2024-01-17 20:04:17,644] {dag.py:2972} INFO - Setting next_dagrun for ETLFutbol to 2024-01-17T00:00:00+00:00, run_after=2024-01-18T00:00:00+00:00
[2024-01-17 20:04:17,689] {processor.py:161} INFO - Processing /opt/airflow/dags/ETLPrueba.py took 0.729 seconds
[2024-01-17 20:04:28,552] {processor.py:153} INFO - Started process (PID=8458) to work on /opt/airflow/dags/ETLPrueba.py
[2024-01-17 20:04:28,553] {processor.py:641} INFO - Processing file /opt/airflow/dags/ETLPrueba.py for tasks to queue
[2024-01-17 20:04:28,555] {logging_mixin.py:115} INFO - [2024-01-17 20:04:28,554] {dagbag.py:508} INFO - Filling up the DagBag from /opt/airflow/dags/ETLPrueba.py
[2024-01-17 20:04:29,161] {processor.py:651} INFO - DAG(s) dict_keys(['ETLFutbol']) retrieved from /opt/airflow/dags/ETLPrueba.py
[2024-01-17 20:04:29,177] {logging_mixin.py:115} INFO - [2024-01-17 20:04:29,177] {dag.py:2420} INFO - Sync 1 DAGs
[2024-01-17 20:04:29,207] {logging_mixin.py:115} INFO - [2024-01-17 20:04:29,206] {dag.py:2972} INFO - Setting next_dagrun for ETLFutbol to 2024-01-17T00:00:00+00:00, run_after=2024-01-18T00:00:00+00:00
[2024-01-17 20:04:29,254] {processor.py:161} INFO - Processing /opt/airflow/dags/ETLPrueba.py took 0.706 seconds
[2024-01-17 20:04:39,808] {processor.py:153} INFO - Started process (PID=8474) to work on /opt/airflow/dags/ETLPrueba.py
[2024-01-17 20:04:39,809] {processor.py:641} INFO - Processing file /opt/airflow/dags/ETLPrueba.py for tasks to queue
[2024-01-17 20:04:39,810] {logging_mixin.py:115} INFO - [2024-01-17 20:04:39,810] {dagbag.py:508} INFO - Filling up the DagBag from /opt/airflow/dags/ETLPrueba.py
[2024-01-17 20:04:40,514] {processor.py:651} INFO - DAG(s) dict_keys(['ETLFutbol']) retrieved from /opt/airflow/dags/ETLPrueba.py
[2024-01-17 20:04:40,533] {logging_mixin.py:115} INFO - [2024-01-17 20:04:40,533] {dag.py:2420} INFO - Sync 1 DAGs
[2024-01-17 20:04:40,570] {logging_mixin.py:115} INFO - [2024-01-17 20:04:40,570] {dag.py:2972} INFO - Setting next_dagrun for ETLFutbol to 2024-01-17T00:00:00+00:00, run_after=2024-01-18T00:00:00+00:00
[2024-01-17 20:04:40,639] {processor.py:161} INFO - Processing /opt/airflow/dags/ETLPrueba.py took 0.835 seconds
[2024-01-17 20:04:51,242] {processor.py:153} INFO - Started process (PID=8490) to work on /opt/airflow/dags/ETLPrueba.py
[2024-01-17 20:04:51,243] {processor.py:641} INFO - Processing file /opt/airflow/dags/ETLPrueba.py for tasks to queue
[2024-01-17 20:04:51,244] {logging_mixin.py:115} INFO - [2024-01-17 20:04:51,244] {dagbag.py:508} INFO - Filling up the DagBag from /opt/airflow/dags/ETLPrueba.py
[2024-01-17 20:04:51,759] {processor.py:651} INFO - DAG(s) dict_keys(['ETLFutbol']) retrieved from /opt/airflow/dags/ETLPrueba.py
[2024-01-17 20:04:51,778] {logging_mixin.py:115} INFO - [2024-01-17 20:04:51,777] {dag.py:2420} INFO - Sync 1 DAGs
[2024-01-17 20:04:51,808] {logging_mixin.py:115} INFO - [2024-01-17 20:04:51,808] {dag.py:2972} INFO - Setting next_dagrun for ETLFutbol to 2024-01-17T00:00:00+00:00, run_after=2024-01-18T00:00:00+00:00
[2024-01-17 20:04:51,896] {processor.py:161} INFO - Processing /opt/airflow/dags/ETLPrueba.py took 0.658 seconds
[2024-01-17 20:05:02,178] {processor.py:153} INFO - Started process (PID=8506) to work on /opt/airflow/dags/ETLPrueba.py
[2024-01-17 20:05:02,179] {processor.py:641} INFO - Processing file /opt/airflow/dags/ETLPrueba.py for tasks to queue
[2024-01-17 20:05:02,181] {logging_mixin.py:115} INFO - [2024-01-17 20:05:02,181] {dagbag.py:508} INFO - Filling up the DagBag from /opt/airflow/dags/ETLPrueba.py
[2024-01-17 20:05:03,515] {processor.py:651} INFO - DAG(s) dict_keys(['ETLFutbol']) retrieved from /opt/airflow/dags/ETLPrueba.py
[2024-01-17 20:05:03,889] {logging_mixin.py:115} INFO - [2024-01-17 20:05:03,888] {dag.py:2420} INFO - Sync 1 DAGs
[2024-01-17 20:05:04,011] {logging_mixin.py:115} INFO - [2024-01-17 20:05:04,011] {dag.py:2972} INFO - Setting next_dagrun for ETLFutbol to 2024-01-17T00:00:00+00:00, run_after=2024-01-18T00:00:00+00:00
[2024-01-17 20:05:04,736] {processor.py:161} INFO - Processing /opt/airflow/dags/ETLPrueba.py took 2.567 seconds
[2024-01-17 20:05:15,387] {processor.py:153} INFO - Started process (PID=8522) to work on /opt/airflow/dags/ETLPrueba.py
[2024-01-17 20:05:15,388] {processor.py:641} INFO - Processing file /opt/airflow/dags/ETLPrueba.py for tasks to queue
[2024-01-17 20:05:15,389] {logging_mixin.py:115} INFO - [2024-01-17 20:05:15,389] {dagbag.py:508} INFO - Filling up the DagBag from /opt/airflow/dags/ETLPrueba.py
[2024-01-17 20:05:16,017] {processor.py:651} INFO - DAG(s) dict_keys(['ETLFutbol']) retrieved from /opt/airflow/dags/ETLPrueba.py
[2024-01-17 20:05:16,041] {logging_mixin.py:115} INFO - [2024-01-17 20:05:16,038] {dag.py:2420} INFO - Sync 1 DAGs
[2024-01-17 20:05:16,087] {logging_mixin.py:115} INFO - [2024-01-17 20:05:16,087] {dag.py:2972} INFO - Setting next_dagrun for ETLFutbol to 2024-01-17T00:00:00+00:00, run_after=2024-01-18T00:00:00+00:00
[2024-01-17 20:05:16,136] {processor.py:161} INFO - Processing /opt/airflow/dags/ETLPrueba.py took 0.753 seconds
[2024-01-17 20:05:26,291] {processor.py:153} INFO - Started process (PID=8538) to work on /opt/airflow/dags/ETLPrueba.py
[2024-01-17 20:05:26,292] {processor.py:641} INFO - Processing file /opt/airflow/dags/ETLPrueba.py for tasks to queue
[2024-01-17 20:05:26,293] {logging_mixin.py:115} INFO - [2024-01-17 20:05:26,293] {dagbag.py:508} INFO - Filling up the DagBag from /opt/airflow/dags/ETLPrueba.py
[2024-01-17 20:05:26,866] {processor.py:651} INFO - DAG(s) dict_keys(['ETLFutbol']) retrieved from /opt/airflow/dags/ETLPrueba.py
[2024-01-17 20:05:26,882] {logging_mixin.py:115} INFO - [2024-01-17 20:05:26,881] {dag.py:2420} INFO - Sync 1 DAGs
[2024-01-17 20:05:26,912] {logging_mixin.py:115} INFO - [2024-01-17 20:05:26,912] {dag.py:2972} INFO - Setting next_dagrun for ETLFutbol to 2024-01-17T00:00:00+00:00, run_after=2024-01-18T00:00:00+00:00
[2024-01-17 20:05:26,963] {processor.py:161} INFO - Processing /opt/airflow/dags/ETLPrueba.py took 0.677 seconds
[2024-01-17 20:05:37,170] {processor.py:153} INFO - Started process (PID=8559) to work on /opt/airflow/dags/ETLPrueba.py
[2024-01-17 20:05:37,171] {processor.py:641} INFO - Processing file /opt/airflow/dags/ETLPrueba.py for tasks to queue
[2024-01-17 20:05:37,173] {logging_mixin.py:115} INFO - [2024-01-17 20:05:37,173] {dagbag.py:508} INFO - Filling up the DagBag from /opt/airflow/dags/ETLPrueba.py
[2024-01-17 20:05:37,709] {processor.py:651} INFO - DAG(s) dict_keys(['ETLFutbol']) retrieved from /opt/airflow/dags/ETLPrueba.py
[2024-01-17 20:05:37,726] {logging_mixin.py:115} INFO - [2024-01-17 20:05:37,726] {dag.py:2420} INFO - Sync 1 DAGs
[2024-01-17 20:05:37,758] {logging_mixin.py:115} INFO - [2024-01-17 20:05:37,758] {dag.py:2972} INFO - Setting next_dagrun for ETLFutbol to 2024-01-17T00:00:00+00:00, run_after=2024-01-18T00:00:00+00:00
[2024-01-17 20:05:37,873] {processor.py:161} INFO - Processing /opt/airflow/dags/ETLPrueba.py took 0.710 seconds
[2024-01-17 20:05:48,016] {processor.py:153} INFO - Started process (PID=8573) to work on /opt/airflow/dags/ETLPrueba.py
[2024-01-17 20:05:48,017] {processor.py:641} INFO - Processing file /opt/airflow/dags/ETLPrueba.py for tasks to queue
[2024-01-17 20:05:48,018] {logging_mixin.py:115} INFO - [2024-01-17 20:05:48,018] {dagbag.py:508} INFO - Filling up the DagBag from /opt/airflow/dags/ETLPrueba.py
[2024-01-17 20:05:48,601] {processor.py:651} INFO - DAG(s) dict_keys(['ETLFutbol']) retrieved from /opt/airflow/dags/ETLPrueba.py
[2024-01-17 20:05:48,616] {logging_mixin.py:115} INFO - [2024-01-17 20:05:48,615] {dag.py:2420} INFO - Sync 1 DAGs
[2024-01-17 20:05:48,645] {logging_mixin.py:115} INFO - [2024-01-17 20:05:48,645] {dag.py:2972} INFO - Setting next_dagrun for ETLFutbol to 2024-01-17T00:00:00+00:00, run_after=2024-01-18T00:00:00+00:00
[2024-01-17 20:05:48,684] {processor.py:161} INFO - Processing /opt/airflow/dags/ETLPrueba.py took 0.674 seconds
[2024-01-17 20:05:59,449] {processor.py:153} INFO - Started process (PID=8591) to work on /opt/airflow/dags/ETLPrueba.py
[2024-01-17 20:05:59,450] {processor.py:641} INFO - Processing file /opt/airflow/dags/ETLPrueba.py for tasks to queue
[2024-01-17 20:05:59,451] {logging_mixin.py:115} INFO - [2024-01-17 20:05:59,451] {dagbag.py:508} INFO - Filling up the DagBag from /opt/airflow/dags/ETLPrueba.py
[2024-01-17 20:05:59,963] {processor.py:651} INFO - DAG(s) dict_keys(['ETLFutbol']) retrieved from /opt/airflow/dags/ETLPrueba.py
[2024-01-17 20:05:59,980] {logging_mixin.py:115} INFO - [2024-01-17 20:05:59,980] {dag.py:2420} INFO - Sync 1 DAGs
[2024-01-17 20:06:00,012] {logging_mixin.py:115} INFO - [2024-01-17 20:06:00,012] {dag.py:2972} INFO - Setting next_dagrun for ETLFutbol to 2024-01-17T00:00:00+00:00, run_after=2024-01-18T00:00:00+00:00
[2024-01-17 20:06:00,098] {processor.py:161} INFO - Processing /opt/airflow/dags/ETLPrueba.py took 0.653 seconds
[2024-01-17 20:06:10,816] {processor.py:153} INFO - Started process (PID=8607) to work on /opt/airflow/dags/ETLPrueba.py
[2024-01-17 20:06:10,817] {processor.py:641} INFO - Processing file /opt/airflow/dags/ETLPrueba.py for tasks to queue
[2024-01-17 20:06:10,818] {logging_mixin.py:115} INFO - [2024-01-17 20:06:10,818] {dagbag.py:508} INFO - Filling up the DagBag from /opt/airflow/dags/ETLPrueba.py
[2024-01-17 20:06:11,402] {processor.py:651} INFO - DAG(s) dict_keys(['ETLFutbol']) retrieved from /opt/airflow/dags/ETLPrueba.py
[2024-01-17 20:06:11,482] {logging_mixin.py:115} INFO - [2024-01-17 20:06:11,482] {dag.py:2420} INFO - Sync 1 DAGs
[2024-01-17 20:06:11,521] {logging_mixin.py:115} INFO - [2024-01-17 20:06:11,521] {dag.py:2972} INFO - Setting next_dagrun for ETLFutbol to 2024-01-17T00:00:00+00:00, run_after=2024-01-18T00:00:00+00:00
[2024-01-17 20:06:11,563] {processor.py:161} INFO - Processing /opt/airflow/dags/ETLPrueba.py took 0.751 seconds
[2024-01-17 20:06:22,157] {processor.py:153} INFO - Started process (PID=8628) to work on /opt/airflow/dags/ETLPrueba.py
[2024-01-17 20:06:22,159] {processor.py:641} INFO - Processing file /opt/airflow/dags/ETLPrueba.py for tasks to queue
[2024-01-17 20:06:22,160] {logging_mixin.py:115} INFO - [2024-01-17 20:06:22,160] {dagbag.py:508} INFO - Filling up the DagBag from /opt/airflow/dags/ETLPrueba.py
[2024-01-17 20:06:22,714] {processor.py:651} INFO - DAG(s) dict_keys(['ETLFutbol']) retrieved from /opt/airflow/dags/ETLPrueba.py
[2024-01-17 20:06:22,731] {logging_mixin.py:115} INFO - [2024-01-17 20:06:22,731] {dag.py:2420} INFO - Sync 1 DAGs
[2024-01-17 20:06:22,761] {logging_mixin.py:115} INFO - [2024-01-17 20:06:22,761] {dag.py:2972} INFO - Setting next_dagrun for ETLFutbol to 2024-01-17T00:00:00+00:00, run_after=2024-01-18T00:00:00+00:00
[2024-01-17 20:06:22,834] {processor.py:161} INFO - Processing /opt/airflow/dags/ETLPrueba.py took 0.683 seconds
[2024-01-17 20:06:33,420] {processor.py:153} INFO - Started process (PID=8644) to work on /opt/airflow/dags/ETLPrueba.py
[2024-01-17 20:06:33,421] {processor.py:641} INFO - Processing file /opt/airflow/dags/ETLPrueba.py for tasks to queue
[2024-01-17 20:06:33,422] {logging_mixin.py:115} INFO - [2024-01-17 20:06:33,422] {dagbag.py:508} INFO - Filling up the DagBag from /opt/airflow/dags/ETLPrueba.py
[2024-01-17 20:06:33,891] {processor.py:651} INFO - DAG(s) dict_keys(['ETLFutbol']) retrieved from /opt/airflow/dags/ETLPrueba.py
[2024-01-17 20:06:33,908] {logging_mixin.py:115} INFO - [2024-01-17 20:06:33,908] {dag.py:2420} INFO - Sync 1 DAGs
[2024-01-17 20:06:33,939] {logging_mixin.py:115} INFO - [2024-01-17 20:06:33,939] {dag.py:2972} INFO - Setting next_dagrun for ETLFutbol to 2024-01-17T00:00:00+00:00, run_after=2024-01-18T00:00:00+00:00
[2024-01-17 20:06:34,027] {processor.py:161} INFO - Processing /opt/airflow/dags/ETLPrueba.py took 0.612 seconds
[2024-01-17 20:06:44,689] {processor.py:153} INFO - Started process (PID=8660) to work on /opt/airflow/dags/ETLPrueba.py
[2024-01-17 20:06:44,690] {processor.py:641} INFO - Processing file /opt/airflow/dags/ETLPrueba.py for tasks to queue
[2024-01-17 20:06:44,691] {logging_mixin.py:115} INFO - [2024-01-17 20:06:44,691] {dagbag.py:508} INFO - Filling up the DagBag from /opt/airflow/dags/ETLPrueba.py
[2024-01-17 20:06:45,178] {processor.py:651} INFO - DAG(s) dict_keys(['ETLFutbol']) retrieved from /opt/airflow/dags/ETLPrueba.py
[2024-01-17 20:06:45,204] {logging_mixin.py:115} INFO - [2024-01-17 20:06:45,204] {dag.py:2420} INFO - Sync 1 DAGs
[2024-01-17 20:06:45,233] {logging_mixin.py:115} INFO - [2024-01-17 20:06:45,233] {dag.py:2972} INFO - Setting next_dagrun for ETLFutbol to 2024-01-17T00:00:00+00:00, run_after=2024-01-18T00:00:00+00:00
[2024-01-17 20:06:45,274] {processor.py:161} INFO - Processing /opt/airflow/dags/ETLPrueba.py took 0.591 seconds
[2024-01-17 20:06:55,928] {processor.py:153} INFO - Started process (PID=8676) to work on /opt/airflow/dags/ETLPrueba.py
[2024-01-17 20:06:55,929] {processor.py:641} INFO - Processing file /opt/airflow/dags/ETLPrueba.py for tasks to queue
[2024-01-17 20:06:55,931] {logging_mixin.py:115} INFO - [2024-01-17 20:06:55,930] {dagbag.py:508} INFO - Filling up the DagBag from /opt/airflow/dags/ETLPrueba.py
[2024-01-17 20:06:56,434] {processor.py:651} INFO - DAG(s) dict_keys(['ETLFutbol']) retrieved from /opt/airflow/dags/ETLPrueba.py
[2024-01-17 20:06:56,451] {logging_mixin.py:115} INFO - [2024-01-17 20:06:56,450] {dag.py:2420} INFO - Sync 1 DAGs
[2024-01-17 20:06:56,480] {logging_mixin.py:115} INFO - [2024-01-17 20:06:56,480] {dag.py:2972} INFO - Setting next_dagrun for ETLFutbol to 2024-01-17T00:00:00+00:00, run_after=2024-01-18T00:00:00+00:00
[2024-01-17 20:06:56,566] {processor.py:161} INFO - Processing /opt/airflow/dags/ETLPrueba.py took 0.642 seconds
[2024-01-17 20:07:07,392] {processor.py:153} INFO - Started process (PID=8692) to work on /opt/airflow/dags/ETLPrueba.py
[2024-01-17 20:07:07,393] {processor.py:641} INFO - Processing file /opt/airflow/dags/ETLPrueba.py for tasks to queue
[2024-01-17 20:07:07,394] {logging_mixin.py:115} INFO - [2024-01-17 20:07:07,394] {dagbag.py:508} INFO - Filling up the DagBag from /opt/airflow/dags/ETLPrueba.py
[2024-01-17 20:07:07,871] {processor.py:651} INFO - DAG(s) dict_keys(['ETLFutbol']) retrieved from /opt/airflow/dags/ETLPrueba.py
[2024-01-17 20:07:07,888] {logging_mixin.py:115} INFO - [2024-01-17 20:07:07,888] {dag.py:2420} INFO - Sync 1 DAGs
[2024-01-17 20:07:07,920] {logging_mixin.py:115} INFO - [2024-01-17 20:07:07,920] {dag.py:2972} INFO - Setting next_dagrun for ETLFutbol to 2024-01-17T00:00:00+00:00, run_after=2024-01-18T00:00:00+00:00
[2024-01-17 20:07:07,976] {processor.py:161} INFO - Processing /opt/airflow/dags/ETLPrueba.py took 0.589 seconds
[2024-01-17 20:07:18,699] {processor.py:153} INFO - Started process (PID=8708) to work on /opt/airflow/dags/ETLPrueba.py
[2024-01-17 20:07:18,700] {processor.py:641} INFO - Processing file /opt/airflow/dags/ETLPrueba.py for tasks to queue
[2024-01-17 20:07:18,701] {logging_mixin.py:115} INFO - [2024-01-17 20:07:18,700] {dagbag.py:508} INFO - Filling up the DagBag from /opt/airflow/dags/ETLPrueba.py
[2024-01-17 20:07:19,179] {processor.py:651} INFO - DAG(s) dict_keys(['ETLFutbol']) retrieved from /opt/airflow/dags/ETLPrueba.py
[2024-01-17 20:07:19,194] {logging_mixin.py:115} INFO - [2024-01-17 20:07:19,194] {dag.py:2420} INFO - Sync 1 DAGs
[2024-01-17 20:07:19,224] {logging_mixin.py:115} INFO - [2024-01-17 20:07:19,224] {dag.py:2972} INFO - Setting next_dagrun for ETLFutbol to 2024-01-17T00:00:00+00:00, run_after=2024-01-18T00:00:00+00:00
[2024-01-17 20:07:19,268] {processor.py:161} INFO - Processing /opt/airflow/dags/ETLPrueba.py took 0.574 seconds
[2024-01-17 20:07:29,786] {processor.py:153} INFO - Started process (PID=8724) to work on /opt/airflow/dags/ETLPrueba.py
[2024-01-17 20:07:29,787] {processor.py:641} INFO - Processing file /opt/airflow/dags/ETLPrueba.py for tasks to queue
[2024-01-17 20:07:29,788] {logging_mixin.py:115} INFO - [2024-01-17 20:07:29,788] {dagbag.py:508} INFO - Filling up the DagBag from /opt/airflow/dags/ETLPrueba.py
[2024-01-17 20:07:30,277] {processor.py:651} INFO - DAG(s) dict_keys(['ETLFutbol']) retrieved from /opt/airflow/dags/ETLPrueba.py
[2024-01-17 20:07:30,357] {logging_mixin.py:115} INFO - [2024-01-17 20:07:30,357] {dag.py:2420} INFO - Sync 1 DAGs
[2024-01-17 20:07:30,385] {logging_mixin.py:115} INFO - [2024-01-17 20:07:30,385] {dag.py:2972} INFO - Setting next_dagrun for ETLFutbol to 2024-01-17T00:00:00+00:00, run_after=2024-01-18T00:00:00+00:00
[2024-01-17 20:07:30,494] {processor.py:161} INFO - Processing /opt/airflow/dags/ETLPrueba.py took 0.712 seconds
[2024-01-17 20:07:40,663] {processor.py:153} INFO - Started process (PID=8740) to work on /opt/airflow/dags/ETLPrueba.py
[2024-01-17 20:07:40,664] {processor.py:641} INFO - Processing file /opt/airflow/dags/ETLPrueba.py for tasks to queue
[2024-01-17 20:07:40,665] {logging_mixin.py:115} INFO - [2024-01-17 20:07:40,665] {dagbag.py:508} INFO - Filling up the DagBag from /opt/airflow/dags/ETLPrueba.py
[2024-01-17 20:07:41,325] {processor.py:651} INFO - DAG(s) dict_keys(['ETLFutbol']) retrieved from /opt/airflow/dags/ETLPrueba.py
[2024-01-17 20:07:41,341] {logging_mixin.py:115} INFO - [2024-01-17 20:07:41,340] {dag.py:2420} INFO - Sync 1 DAGs
[2024-01-17 20:07:41,372] {logging_mixin.py:115} INFO - [2024-01-17 20:07:41,372] {dag.py:2972} INFO - Setting next_dagrun for ETLFutbol to 2024-01-17T00:00:00+00:00, run_after=2024-01-18T00:00:00+00:00
[2024-01-17 20:07:41,420] {processor.py:161} INFO - Processing /opt/airflow/dags/ETLPrueba.py took 0.761 seconds
[2024-01-17 20:07:51,923] {processor.py:153} INFO - Started process (PID=8756) to work on /opt/airflow/dags/ETLPrueba.py
[2024-01-17 20:07:51,924] {processor.py:641} INFO - Processing file /opt/airflow/dags/ETLPrueba.py for tasks to queue
[2024-01-17 20:07:51,925] {logging_mixin.py:115} INFO - [2024-01-17 20:07:51,925] {dagbag.py:508} INFO - Filling up the DagBag from /opt/airflow/dags/ETLPrueba.py
[2024-01-17 20:07:52,591] {processor.py:651} INFO - DAG(s) dict_keys(['ETLFutbol']) retrieved from /opt/airflow/dags/ETLPrueba.py
[2024-01-17 20:07:52,607] {logging_mixin.py:115} INFO - [2024-01-17 20:07:52,607] {dag.py:2420} INFO - Sync 1 DAGs
[2024-01-17 20:07:52,640] {logging_mixin.py:115} INFO - [2024-01-17 20:07:52,640] {dag.py:2972} INFO - Setting next_dagrun for ETLFutbol to 2024-01-17T00:00:00+00:00, run_after=2024-01-18T00:00:00+00:00
[2024-01-17 20:07:52,706] {processor.py:161} INFO - Processing /opt/airflow/dags/ETLPrueba.py took 0.787 seconds
[2024-01-17 20:08:02,776] {processor.py:153} INFO - Started process (PID=8777) to work on /opt/airflow/dags/ETLPrueba.py
[2024-01-17 20:08:02,777] {processor.py:641} INFO - Processing file /opt/airflow/dags/ETLPrueba.py for tasks to queue
[2024-01-17 20:08:02,778] {logging_mixin.py:115} INFO - [2024-01-17 20:08:02,778] {dagbag.py:508} INFO - Filling up the DagBag from /opt/airflow/dags/ETLPrueba.py
[2024-01-17 20:08:03,279] {processor.py:651} INFO - DAG(s) dict_keys(['ETLFutbol']) retrieved from /opt/airflow/dags/ETLPrueba.py
[2024-01-17 20:08:03,296] {logging_mixin.py:115} INFO - [2024-01-17 20:08:03,295] {dag.py:2420} INFO - Sync 1 DAGs
[2024-01-17 20:08:03,340] {logging_mixin.py:115} INFO - [2024-01-17 20:08:03,340] {dag.py:2972} INFO - Setting next_dagrun for ETLFutbol to 2024-01-17T00:00:00+00:00, run_after=2024-01-18T00:00:00+00:00
[2024-01-17 20:08:03,436] {processor.py:161} INFO - Processing /opt/airflow/dags/ETLPrueba.py took 0.664 seconds
[2024-01-17 20:08:13,857] {processor.py:153} INFO - Started process (PID=8793) to work on /opt/airflow/dags/ETLPrueba.py
[2024-01-17 20:08:13,858] {processor.py:641} INFO - Processing file /opt/airflow/dags/ETLPrueba.py for tasks to queue
[2024-01-17 20:08:13,859] {logging_mixin.py:115} INFO - [2024-01-17 20:08:13,859] {dagbag.py:508} INFO - Filling up the DagBag from /opt/airflow/dags/ETLPrueba.py
[2024-01-17 20:08:14,382] {processor.py:651} INFO - DAG(s) dict_keys(['ETLFutbol']) retrieved from /opt/airflow/dags/ETLPrueba.py
[2024-01-17 20:08:14,399] {logging_mixin.py:115} INFO - [2024-01-17 20:08:14,398] {dag.py:2420} INFO - Sync 1 DAGs
[2024-01-17 20:08:14,431] {logging_mixin.py:115} INFO - [2024-01-17 20:08:14,431] {dag.py:2972} INFO - Setting next_dagrun for ETLFutbol to 2024-01-17T00:00:00+00:00, run_after=2024-01-18T00:00:00+00:00
[2024-01-17 20:08:14,491] {processor.py:161} INFO - Processing /opt/airflow/dags/ETLPrueba.py took 0.638 seconds
[2024-01-17 20:08:25,345] {processor.py:153} INFO - Started process (PID=8809) to work on /opt/airflow/dags/ETLPrueba.py
[2024-01-17 20:08:25,346] {processor.py:641} INFO - Processing file /opt/airflow/dags/ETLPrueba.py for tasks to queue
[2024-01-17 20:08:25,347] {logging_mixin.py:115} INFO - [2024-01-17 20:08:25,347] {dagbag.py:508} INFO - Filling up the DagBag from /opt/airflow/dags/ETLPrueba.py
[2024-01-17 20:08:25,857] {processor.py:651} INFO - DAG(s) dict_keys(['ETLFutbol']) retrieved from /opt/airflow/dags/ETLPrueba.py
[2024-01-17 20:08:25,875] {logging_mixin.py:115} INFO - [2024-01-17 20:08:25,874] {dag.py:2420} INFO - Sync 1 DAGs
[2024-01-17 20:08:25,918] {logging_mixin.py:115} INFO - [2024-01-17 20:08:25,918] {dag.py:2972} INFO - Setting next_dagrun for ETLFutbol to 2024-01-17T00:00:00+00:00, run_after=2024-01-18T00:00:00+00:00
[2024-01-17 20:08:25,955] {processor.py:161} INFO - Processing /opt/airflow/dags/ETLPrueba.py took 0.614 seconds
[2024-01-17 20:08:36,616] {processor.py:153} INFO - Started process (PID=8830) to work on /opt/airflow/dags/ETLPrueba.py
[2024-01-17 20:08:36,617] {processor.py:641} INFO - Processing file /opt/airflow/dags/ETLPrueba.py for tasks to queue
[2024-01-17 20:08:36,618] {logging_mixin.py:115} INFO - [2024-01-17 20:08:36,618] {dagbag.py:508} INFO - Filling up the DagBag from /opt/airflow/dags/ETLPrueba.py
[2024-01-17 20:08:37,237] {processor.py:651} INFO - DAG(s) dict_keys(['ETLFutbol']) retrieved from /opt/airflow/dags/ETLPrueba.py
[2024-01-17 20:08:37,355] {logging_mixin.py:115} INFO - [2024-01-17 20:08:37,355] {dag.py:2420} INFO - Sync 1 DAGs
[2024-01-17 20:08:37,387] {logging_mixin.py:115} INFO - [2024-01-17 20:08:37,387] {dag.py:2972} INFO - Setting next_dagrun for ETLFutbol to 2024-01-17T00:00:00+00:00, run_after=2024-01-18T00:00:00+00:00
[2024-01-17 20:08:37,476] {processor.py:161} INFO - Processing /opt/airflow/dags/ETLPrueba.py took 0.864 seconds
[2024-01-17 20:08:47,600] {processor.py:153} INFO - Started process (PID=8846) to work on /opt/airflow/dags/ETLPrueba.py
[2024-01-17 20:08:47,601] {processor.py:641} INFO - Processing file /opt/airflow/dags/ETLPrueba.py for tasks to queue
[2024-01-17 20:08:47,602] {logging_mixin.py:115} INFO - [2024-01-17 20:08:47,602] {dagbag.py:508} INFO - Filling up the DagBag from /opt/airflow/dags/ETLPrueba.py
[2024-01-17 20:08:48,095] {processor.py:651} INFO - DAG(s) dict_keys(['ETLFutbol']) retrieved from /opt/airflow/dags/ETLPrueba.py
[2024-01-17 20:08:48,111] {logging_mixin.py:115} INFO - [2024-01-17 20:08:48,110] {dag.py:2420} INFO - Sync 1 DAGs
[2024-01-17 20:08:48,140] {logging_mixin.py:115} INFO - [2024-01-17 20:08:48,140] {dag.py:2972} INFO - Setting next_dagrun for ETLFutbol to 2024-01-17T00:00:00+00:00, run_after=2024-01-18T00:00:00+00:00
[2024-01-17 20:08:48,174] {processor.py:161} INFO - Processing /opt/airflow/dags/ETLPrueba.py took 0.579 seconds
[2024-01-17 20:08:58,844] {processor.py:153} INFO - Started process (PID=8862) to work on /opt/airflow/dags/ETLPrueba.py
[2024-01-17 20:08:58,845] {processor.py:641} INFO - Processing file /opt/airflow/dags/ETLPrueba.py for tasks to queue
[2024-01-17 20:08:58,847] {logging_mixin.py:115} INFO - [2024-01-17 20:08:58,847] {dagbag.py:508} INFO - Filling up the DagBag from /opt/airflow/dags/ETLPrueba.py
[2024-01-17 20:08:59,359] {processor.py:651} INFO - DAG(s) dict_keys(['ETLFutbol']) retrieved from /opt/airflow/dags/ETLPrueba.py
[2024-01-17 20:08:59,377] {logging_mixin.py:115} INFO - [2024-01-17 20:08:59,376] {dag.py:2420} INFO - Sync 1 DAGs
[2024-01-17 20:08:59,407] {logging_mixin.py:115} INFO - [2024-01-17 20:08:59,407] {dag.py:2972} INFO - Setting next_dagrun for ETLFutbol to 2024-01-17T00:00:00+00:00, run_after=2024-01-18T00:00:00+00:00
[2024-01-17 20:08:59,451] {processor.py:161} INFO - Processing /opt/airflow/dags/ETLPrueba.py took 0.611 seconds
[2024-01-17 20:09:10,334] {processor.py:153} INFO - Started process (PID=8878) to work on /opt/airflow/dags/ETLPrueba.py
[2024-01-17 20:09:10,336] {processor.py:641} INFO - Processing file /opt/airflow/dags/ETLPrueba.py for tasks to queue
[2024-01-17 20:09:10,337] {logging_mixin.py:115} INFO - [2024-01-17 20:09:10,337] {dagbag.py:508} INFO - Filling up the DagBag from /opt/airflow/dags/ETLPrueba.py
[2024-01-17 20:09:10,852] {processor.py:651} INFO - DAG(s) dict_keys(['ETLFutbol']) retrieved from /opt/airflow/dags/ETLPrueba.py
[2024-01-17 20:09:10,880] {logging_mixin.py:115} INFO - [2024-01-17 20:09:10,879] {dag.py:2420} INFO - Sync 1 DAGs
[2024-01-17 20:09:10,910] {logging_mixin.py:115} INFO - [2024-01-17 20:09:10,910] {dag.py:2972} INFO - Setting next_dagrun for ETLFutbol to 2024-01-17T00:00:00+00:00, run_after=2024-01-18T00:00:00+00:00
[2024-01-17 20:09:11,091] {processor.py:161} INFO - Processing /opt/airflow/dags/ETLPrueba.py took 0.761 seconds
[2024-01-17 20:09:21,468] {processor.py:153} INFO - Started process (PID=8894) to work on /opt/airflow/dags/ETLPrueba.py
[2024-01-17 20:09:21,469] {processor.py:641} INFO - Processing file /opt/airflow/dags/ETLPrueba.py for tasks to queue
[2024-01-17 20:09:21,470] {logging_mixin.py:115} INFO - [2024-01-17 20:09:21,470] {dagbag.py:508} INFO - Filling up the DagBag from /opt/airflow/dags/ETLPrueba.py
[2024-01-17 20:09:21,982] {processor.py:651} INFO - DAG(s) dict_keys(['ETLFutbol']) retrieved from /opt/airflow/dags/ETLPrueba.py
[2024-01-17 20:09:21,999] {logging_mixin.py:115} INFO - [2024-01-17 20:09:21,998] {dag.py:2420} INFO - Sync 1 DAGs
[2024-01-17 20:09:22,030] {logging_mixin.py:115} INFO - [2024-01-17 20:09:22,030] {dag.py:2972} INFO - Setting next_dagrun for ETLFutbol to 2024-01-17T00:00:00+00:00, run_after=2024-01-18T00:00:00+00:00
[2024-01-17 20:09:22,073] {processor.py:161} INFO - Processing /opt/airflow/dags/ETLPrueba.py took 0.609 seconds
[2024-01-17 20:09:32,384] {processor.py:153} INFO - Started process (PID=8910) to work on /opt/airflow/dags/ETLPrueba.py
[2024-01-17 20:09:32,385] {processor.py:641} INFO - Processing file /opt/airflow/dags/ETLPrueba.py for tasks to queue
[2024-01-17 20:09:32,386] {logging_mixin.py:115} INFO - [2024-01-17 20:09:32,386] {dagbag.py:508} INFO - Filling up the DagBag from /opt/airflow/dags/ETLPrueba.py
[2024-01-17 20:09:32,890] {processor.py:651} INFO - DAG(s) dict_keys(['ETLFutbol']) retrieved from /opt/airflow/dags/ETLPrueba.py
[2024-01-17 20:09:32,907] {logging_mixin.py:115} INFO - [2024-01-17 20:09:32,907] {dag.py:2420} INFO - Sync 1 DAGs
[2024-01-17 20:09:32,936] {logging_mixin.py:115} INFO - [2024-01-17 20:09:32,936] {dag.py:2972} INFO - Setting next_dagrun for ETLFutbol to 2024-01-17T00:00:00+00:00, run_after=2024-01-18T00:00:00+00:00
[2024-01-17 20:09:33,008] {processor.py:161} INFO - Processing /opt/airflow/dags/ETLPrueba.py took 0.628 seconds
[2024-01-17 20:09:43,699] {processor.py:153} INFO - Started process (PID=8926) to work on /opt/airflow/dags/ETLPrueba.py
[2024-01-17 20:09:43,700] {processor.py:641} INFO - Processing file /opt/airflow/dags/ETLPrueba.py for tasks to queue
[2024-01-17 20:09:43,701] {logging_mixin.py:115} INFO - [2024-01-17 20:09:43,701] {dagbag.py:508} INFO - Filling up the DagBag from /opt/airflow/dags/ETLPrueba.py
[2024-01-17 20:09:44,208] {processor.py:651} INFO - DAG(s) dict_keys(['ETLFutbol']) retrieved from /opt/airflow/dags/ETLPrueba.py
[2024-01-17 20:09:44,225] {logging_mixin.py:115} INFO - [2024-01-17 20:09:44,224] {dag.py:2420} INFO - Sync 1 DAGs
[2024-01-17 20:09:44,254] {logging_mixin.py:115} INFO - [2024-01-17 20:09:44,254] {dag.py:2972} INFO - Setting next_dagrun for ETLFutbol to 2024-01-17T00:00:00+00:00, run_after=2024-01-18T00:00:00+00:00
[2024-01-17 20:09:44,331] {processor.py:161} INFO - Processing /opt/airflow/dags/ETLPrueba.py took 0.637 seconds
[2024-01-17 20:09:54,807] {processor.py:153} INFO - Started process (PID=8942) to work on /opt/airflow/dags/ETLPrueba.py
[2024-01-17 20:09:54,809] {processor.py:641} INFO - Processing file /opt/airflow/dags/ETLPrueba.py for tasks to queue
[2024-01-17 20:09:54,810] {logging_mixin.py:115} INFO - [2024-01-17 20:09:54,810] {dagbag.py:508} INFO - Filling up the DagBag from /opt/airflow/dags/ETLPrueba.py
[2024-01-17 20:09:55,357] {processor.py:651} INFO - DAG(s) dict_keys(['ETLFutbol']) retrieved from /opt/airflow/dags/ETLPrueba.py
[2024-01-17 20:09:55,453] {logging_mixin.py:115} INFO - [2024-01-17 20:09:55,452] {dag.py:2420} INFO - Sync 1 DAGs
[2024-01-17 20:09:55,480] {logging_mixin.py:115} INFO - [2024-01-17 20:09:55,480] {dag.py:2972} INFO - Setting next_dagrun for ETLFutbol to 2024-01-17T00:00:00+00:00, run_after=2024-01-18T00:00:00+00:00
[2024-01-17 20:09:55,564] {processor.py:161} INFO - Processing /opt/airflow/dags/ETLPrueba.py took 0.761 seconds
[2024-01-17 20:10:05,914] {processor.py:153} INFO - Started process (PID=8958) to work on /opt/airflow/dags/ETLPrueba.py
[2024-01-17 20:10:05,915] {processor.py:641} INFO - Processing file /opt/airflow/dags/ETLPrueba.py for tasks to queue
[2024-01-17 20:10:05,917] {logging_mixin.py:115} INFO - [2024-01-17 20:10:05,916] {dagbag.py:508} INFO - Filling up the DagBag from /opt/airflow/dags/ETLPrueba.py
[2024-01-17 20:10:06,461] {processor.py:651} INFO - DAG(s) dict_keys(['ETLFutbol']) retrieved from /opt/airflow/dags/ETLPrueba.py
[2024-01-17 20:10:06,480] {logging_mixin.py:115} INFO - [2024-01-17 20:10:06,479] {dag.py:2420} INFO - Sync 1 DAGs
[2024-01-17 20:10:06,514] {logging_mixin.py:115} INFO - [2024-01-17 20:10:06,514] {dag.py:2972} INFO - Setting next_dagrun for ETLFutbol to 2024-01-17T00:00:00+00:00, run_after=2024-01-18T00:00:00+00:00
[2024-01-17 20:10:06,634] {processor.py:161} INFO - Processing /opt/airflow/dags/ETLPrueba.py took 0.724 seconds
[2024-01-17 20:10:17,261] {processor.py:153} INFO - Started process (PID=8979) to work on /opt/airflow/dags/ETLPrueba.py
[2024-01-17 20:10:17,269] {processor.py:641} INFO - Processing file /opt/airflow/dags/ETLPrueba.py for tasks to queue
[2024-01-17 20:10:17,271] {logging_mixin.py:115} INFO - [2024-01-17 20:10:17,271] {dagbag.py:508} INFO - Filling up the DagBag from /opt/airflow/dags/ETLPrueba.py
[2024-01-17 20:10:18,225] {processor.py:651} INFO - DAG(s) dict_keys(['ETLFutbol']) retrieved from /opt/airflow/dags/ETLPrueba.py
[2024-01-17 20:10:18,273] {logging_mixin.py:115} INFO - [2024-01-17 20:10:18,273] {dag.py:2420} INFO - Sync 1 DAGs
[2024-01-17 20:10:18,331] {logging_mixin.py:115} INFO - [2024-01-17 20:10:18,331] {dag.py:2972} INFO - Setting next_dagrun for ETLFutbol to 2024-01-17T00:00:00+00:00, run_after=2024-01-18T00:00:00+00:00
[2024-01-17 20:10:18,426] {processor.py:161} INFO - Processing /opt/airflow/dags/ETLPrueba.py took 1.171 seconds
[2024-01-17 20:10:28,832] {processor.py:153} INFO - Started process (PID=8999) to work on /opt/airflow/dags/ETLPrueba.py
[2024-01-17 20:10:28,834] {processor.py:641} INFO - Processing file /opt/airflow/dags/ETLPrueba.py for tasks to queue
[2024-01-17 20:10:28,835] {logging_mixin.py:115} INFO - [2024-01-17 20:10:28,835] {dagbag.py:508} INFO - Filling up the DagBag from /opt/airflow/dags/ETLPrueba.py
[2024-01-17 20:10:29,483] {processor.py:651} INFO - DAG(s) dict_keys(['ETLFutbol']) retrieved from /opt/airflow/dags/ETLPrueba.py
[2024-01-17 20:10:29,505] {logging_mixin.py:115} INFO - [2024-01-17 20:10:29,504] {dag.py:2420} INFO - Sync 1 DAGs
[2024-01-17 20:10:29,539] {logging_mixin.py:115} INFO - [2024-01-17 20:10:29,539] {dag.py:2972} INFO - Setting next_dagrun for ETLFutbol to 2024-01-17T00:00:00+00:00, run_after=2024-01-18T00:00:00+00:00
[2024-01-17 20:10:29,723] {processor.py:161} INFO - Processing /opt/airflow/dags/ETLPrueba.py took 0.897 seconds
[2024-01-17 20:10:40,131] {processor.py:153} INFO - Started process (PID=9015) to work on /opt/airflow/dags/ETLPrueba.py
[2024-01-17 20:10:40,132] {processor.py:641} INFO - Processing file /opt/airflow/dags/ETLPrueba.py for tasks to queue
[2024-01-17 20:10:40,133] {logging_mixin.py:115} INFO - [2024-01-17 20:10:40,133] {dagbag.py:508} INFO - Filling up the DagBag from /opt/airflow/dags/ETLPrueba.py
[2024-01-17 20:10:40,615] {processor.py:651} INFO - DAG(s) dict_keys(['ETLFutbol']) retrieved from /opt/airflow/dags/ETLPrueba.py
[2024-01-17 20:10:40,631] {logging_mixin.py:115} INFO - [2024-01-17 20:10:40,631] {dag.py:2420} INFO - Sync 1 DAGs
[2024-01-17 20:10:40,662] {logging_mixin.py:115} INFO - [2024-01-17 20:10:40,662] {dag.py:2972} INFO - Setting next_dagrun for ETLFutbol to 2024-01-17T00:00:00+00:00, run_after=2024-01-18T00:00:00+00:00
[2024-01-17 20:10:40,749] {processor.py:161} INFO - Processing /opt/airflow/dags/ETLPrueba.py took 0.622 seconds
[2024-01-17 20:10:51,281] {processor.py:153} INFO - Started process (PID=9031) to work on /opt/airflow/dags/ETLPrueba.py
[2024-01-17 20:10:51,282] {processor.py:641} INFO - Processing file /opt/airflow/dags/ETLPrueba.py for tasks to queue
[2024-01-17 20:10:51,283] {logging_mixin.py:115} INFO - [2024-01-17 20:10:51,283] {dagbag.py:508} INFO - Filling up the DagBag from /opt/airflow/dags/ETLPrueba.py
[2024-01-17 20:10:51,770] {processor.py:651} INFO - DAG(s) dict_keys(['ETLFutbol']) retrieved from /opt/airflow/dags/ETLPrueba.py
[2024-01-17 20:10:51,787] {logging_mixin.py:115} INFO - [2024-01-17 20:10:51,787] {dag.py:2420} INFO - Sync 1 DAGs
[2024-01-17 20:10:51,820] {logging_mixin.py:115} INFO - [2024-01-17 20:10:51,820] {dag.py:2972} INFO - Setting next_dagrun for ETLFutbol to 2024-01-17T00:00:00+00:00, run_after=2024-01-18T00:00:00+00:00
[2024-01-17 20:10:51,859] {processor.py:161} INFO - Processing /opt/airflow/dags/ETLPrueba.py took 0.583 seconds
[2024-01-17 20:11:02,575] {processor.py:153} INFO - Started process (PID=9047) to work on /opt/airflow/dags/ETLPrueba.py
[2024-01-17 20:11:02,576] {processor.py:641} INFO - Processing file /opt/airflow/dags/ETLPrueba.py for tasks to queue
[2024-01-17 20:11:02,577] {logging_mixin.py:115} INFO - [2024-01-17 20:11:02,577] {dagbag.py:508} INFO - Filling up the DagBag from /opt/airflow/dags/ETLPrueba.py
[2024-01-17 20:11:03,161] {processor.py:651} INFO - DAG(s) dict_keys(['ETLFutbol']) retrieved from /opt/airflow/dags/ETLPrueba.py
[2024-01-17 20:11:03,237] {logging_mixin.py:115} INFO - [2024-01-17 20:11:03,237] {dag.py:2420} INFO - Sync 1 DAGs
[2024-01-17 20:11:03,264] {logging_mixin.py:115} INFO - [2024-01-17 20:11:03,264] {dag.py:2972} INFO - Setting next_dagrun for ETLFutbol to 2024-01-17T00:00:00+00:00, run_after=2024-01-18T00:00:00+00:00
[2024-01-17 20:11:03,305] {processor.py:161} INFO - Processing /opt/airflow/dags/ETLPrueba.py took 0.734 seconds
[2024-01-17 20:11:13,892] {processor.py:153} INFO - Started process (PID=9063) to work on /opt/airflow/dags/ETLPrueba.py
[2024-01-17 20:11:13,893] {processor.py:641} INFO - Processing file /opt/airflow/dags/ETLPrueba.py for tasks to queue
[2024-01-17 20:11:13,894] {logging_mixin.py:115} INFO - [2024-01-17 20:11:13,894] {dagbag.py:508} INFO - Filling up the DagBag from /opt/airflow/dags/ETLPrueba.py
[2024-01-17 20:11:14,553] {processor.py:651} INFO - DAG(s) dict_keys(['ETLFutbol']) retrieved from /opt/airflow/dags/ETLPrueba.py
[2024-01-17 20:11:14,570] {logging_mixin.py:115} INFO - [2024-01-17 20:11:14,570] {dag.py:2420} INFO - Sync 1 DAGs
[2024-01-17 20:11:14,600] {logging_mixin.py:115} INFO - [2024-01-17 20:11:14,600] {dag.py:2972} INFO - Setting next_dagrun for ETLFutbol to 2024-01-17T00:00:00+00:00, run_after=2024-01-18T00:00:00+00:00
[2024-01-17 20:11:14,652] {processor.py:161} INFO - Processing /opt/airflow/dags/ETLPrueba.py took 0.765 seconds
