[2024-01-28 12:44:58,761] {taskinstance.py:1179} INFO - Dependencies all met for <TaskInstance: ETLProcesoCompleto.cargar_redshift_task manual__2024-01-28T12:44:14.840195+00:00 [queued]>
[2024-01-28 12:44:58,779] {taskinstance.py:1179} INFO - Dependencies all met for <TaskInstance: ETLProcesoCompleto.cargar_redshift_task manual__2024-01-28T12:44:14.840195+00:00 [queued]>
[2024-01-28 12:44:58,779] {taskinstance.py:1376} INFO - 
--------------------------------------------------------------------------------
[2024-01-28 12:44:58,780] {taskinstance.py:1377} INFO - Starting attempt 1 of 6
[2024-01-28 12:44:58,780] {taskinstance.py:1378} INFO - 
--------------------------------------------------------------------------------
[2024-01-28 12:44:58,833] {taskinstance.py:1397} INFO - Executing <Task(PythonOperator): cargar_redshift_task> on 2024-01-28 12:44:14.840195+00:00
[2024-01-28 12:44:58,838] {standard_task_runner.py:52} INFO - Started process 3395 to run task
[2024-01-28 12:44:58,844] {standard_task_runner.py:79} INFO - Running: ['***', 'tasks', 'run', 'ETLProcesoCompleto', 'cargar_redshift_task', 'manual__2024-01-28T12:44:14.840195+00:00', '--job-id', '67', '--raw', '--subdir', 'DAGS_FOLDER/ETLSachetto.py', '--cfg-path', '/tmp/tmpcarrmv6q', '--error-file', '/tmp/tmpmj6ey_1t']
[2024-01-28 12:44:58,846] {standard_task_runner.py:80} INFO - Job 67: Subtask cargar_redshift_task
[2024-01-28 12:44:58,964] {task_command.py:371} INFO - Running <TaskInstance: ETLProcesoCompleto.cargar_redshift_task manual__2024-01-28T12:44:14.840195+00:00 [running]> on host 1fae8229e5ee
[2024-01-28 12:44:59,061] {logging_mixin.py:115} WARNING - /home/***/.local/lib/python3.7/site-packages/***/utils/context.py:202 AirflowContextDeprecationWarning: Accessing 'execution_date' from the template is deprecated and will be removed in a future version. Please use 'data_interval_start' or 'logical_date' instead.
[2024-01-28 12:44:59,185] {taskinstance.py:1591} INFO - Exporting the following env vars:
AIRFLOW_CTX_DAG_OWNER=Ignacio Sachetto
AIRFLOW_CTX_DAG_ID=ETLProcesoCompleto
AIRFLOW_CTX_TASK_ID=cargar_redshift_task
AIRFLOW_CTX_EXECUTION_DATE=2024-01-28T12:44:14.840195+00:00
AIRFLOW_CTX_TRY_NUMBER=1
AIRFLOW_CTX_DAG_RUN_ID=manual__2024-01-28T12:44:14.840195+00:00
[2024-01-28 12:45:01,134] {ETLSachetto.py:186} INFO - count: 0
[2024-01-28 12:45:01,798] {ETLSachetto.py:200} INFO - Datos cargados correctamente en Redshift para el registro actual.
[2024-01-28 12:45:04,714] {ETLSachetto.py:238} INFO - Email enviado con éxito a las 2024-01-28 12:45:04.713990
[2024-01-28 12:45:04,715] {ETLSachetto.py:219} INFO - Finalizado
[2024-01-28 12:45:04,717] {python.py:173} INFO - Done. Returned value was: None
[2024-01-28 12:45:04,738] {taskinstance.py:1420} INFO - Marking task as SUCCESS. dag_id=ETLProcesoCompleto, task_id=cargar_redshift_task, execution_date=20240128T124414, start_date=20240128T124458, end_date=20240128T124504
[2024-01-28 12:45:04,867] {local_task_job.py:156} INFO - Task exited with return code 0
[2024-01-28 12:45:04,944] {local_task_job.py:273} INFO - 0 downstream tasks scheduled from follow-on schedule check
